2026-06-20 21:25:25,179 [Worker-4: Loading available Gradle versions] INFO  o.e.b.c.i.u.g.PublishedGradleVersions - Gradle version information cache is up-to-date. Trying to read.
2026-06-21 16:38:36,303 [Worker-0: Loading available Gradle versions] INFO  o.e.b.c.i.u.g.PublishedGradleVersions - Gradle version information cache is out-of-date. Trying to update.
2026-06-22 00:41:39,240 [Worker-2: Loading available Gradle versions] INFO  o.e.b.c.i.u.g.PublishedGradleVersions - Gradle version information cache is up-to-date. Trying to read.
2026-06-22 11:58:55,179 [Worker-3: Loading available Gradle versions] INFO  o.e.b.c.i.u.g.PublishedGradleVersions - Gradle version information cache is up-to-date. Trying to read.
2026-06-23 00:03:13,209 [Worker-3: Loading available Gradle versions] INFO  o.e.b.c.i.u.g.PublishedGradleVersions - Gradle version information cache is out-of-date. Trying to update.
2026-06-24 23:35:43,774 [Worker-4: Loading available Gradle versions] INFO  o.e.b.c.i.u.g.PublishedGradleVersions - Gradle version information cache is out-of-date. Trying to update.
2026-06-26 22:01:56,248 [Worker-3: Loading available Gradle versions] INFO  o.e.b.c.i.u.g.PublishedGradleVersions - Gradle version information cache is up-to-date. Trying to read.
2026-06-27 00:37:48,104 [Worker-2: Loading available Gradle versions] INFO  o.e.b.c.i.u.g.PublishedGradleVersions - Gradle version information cache is up-to-date. Trying to read.
2026-06-27 02:53:28,719 [Worker-1: Loading available Gradle versions] INFO  o.e.b.c.i.u.g.PublishedGradleVersions - Gradle version information cache is up-to-date. Trying to read.
2026-06-28 12:59:47,655 [Worker-2: Loading available Gradle versions] INFO  o.e.b.c.i.u.g.PublishedGradleVersions - Gradle version information cache is up-to-date. Trying to read.
2026-06-28 13:00:22,008 [Worker-3: Deferred Early Start] INFO  o.a.h.c.h.i.c.HttpRequestRetryExec - Recoverable I/O exception (java.net.SocketException) caught when processing request to {s}->https://www.eclipse.org:443
2026-06-28 23:15:42,245 [Worker-4: Loading available Gradle versions] INFO  o.e.b.c.i.u.g.PublishedGradleVersions - Gradle version information cache is out-of-date. Trying to update.
2026-06-29 22:53:05,720 [Worker-4: Loading available Gradle versions] INFO  o.e.b.c.i.u.g.PublishedGradleVersions - Gradle version information cache is up-to-date. Trying to read.
2026-06-29 22:59:21,407 [Worker-13: Launching mavenrun-c3803175-4c12-4b1e-ac3f-432ce613e809] INFO  o.eclipse.m2e.core.internal.Bundles - getClasspathEntries(Bundle=org.eclipse.m2e.maven.runtime_3.9.900.20240824-1409 [643])
2026-06-29 22:59:21,411 [Worker-13: Launching mavenrun-c3803175-4c12-4b1e-ac3f-432ce613e809] INFO  o.eclipse.m2e.core.internal.Bundles - 	Entry: D:\latest\Eclipse\eclipse-jee-2024-09-R-win32-x86_64\eclipse\plugins\org.eclipse.m2e.maven.runtime_3.9.900.20240824-1409
2026-06-29 22:59:21,411 [Worker-13: Launching mavenrun-c3803175-4c12-4b1e-ac3f-432ce613e809] INFO  o.eclipse.m2e.core.internal.Bundles - 	Entry: D:\latest\Eclipse\eclipse-jee-2024-09-R-win32-x86_64\eclipse\plugins\org.eclipse.m2e.maven.runtime_3.9.900.20240824-1409\jars\aopalliance-1.0.jar
2026-06-29 22:59:21,411 [Worker-13: Launching mavenrun-c3803175-4c12-4b1e-ac3f-432ce613e809] INFO  o.eclipse.m2e.core.internal.Bundles - 	Entry: D:\latest\Eclipse\eclipse-jee-2024-09-R-win32-x86_64\eclipse\plugins\org.eclipse.m2e.maven.runtime_3.9.900.20240824-1409\jars\guice-5.1.0.jar
2026-06-29 22:59:21,411 [Worker-13: Launching mavenrun-c3803175-4c12-4b1e-ac3f-432ce613e809] INFO  o.eclipse.m2e.core.internal.Bundles - 	Entry: D:\latest\Eclipse\eclipse-jee-2024-09-R-win32-x86_64\eclipse\plugins\org.eclipse.m2e.maven.runtime_3.9.900.20240824-1409\jars\httpclient-4.5.14.jar
2026-06-29 22:59:21,411 [Worker-13: Launching mavenrun-c3803175-4c12-4b1e-ac3f-432ce613e809] INFO  o.eclipse.m2e.core.internal.Bundles - 	Entry: D:\latest\Eclipse\eclipse-jee-2024-09-R-win32-x86_64\eclipse\plugins\org.eclipse.m2e.maven.runtime_3.9.900.20240824-1409\jars\httpcore-4.4.16.jar
2026-06-29 22:59:21,411 [Worker-13: Launching mavenrun-c3803175-4c12-4b1e-ac3f-432ce613e809] INFO  o.eclipse.m2e.core.internal.Bundles - 	Entry: D:\latest\Eclipse\eclipse-jee-2024-09-R-win32-x86_64\eclipse\plugins\org.eclipse.m2e.maven.runtime_3.9.900.20240824-1409\jars\jansi-2.4.1.jar
2026-06-29 22:59:21,411 [Worker-13: Launching mavenrun-c3803175-4c12-4b1e-ac3f-432ce613e809] INFO  o.eclipse.m2e.core.internal.Bundles - 	Entry: D:\latest\Eclipse\eclipse-jee-2024-09-R-win32-x86_64\eclipse\plugins\org.eclipse.m2e.maven.runtime_3.9.900.20240824-1409\jars\jcl-over-slf4j-1.7.36.jar
2026-06-29 22:59:21,411 [Worker-13: Launching mavenrun-c3803175-4c12-4b1e-ac3f-432ce613e809] INFO  o.eclipse.m2e.core.internal.Bundles - 	Entry: D:\latest\Eclipse\eclipse-jee-2024-09-R-win32-x86_64\eclipse\plugins\org.eclipse.m2e.maven.runtime_3.9.900.20240824-1409\jars\maven-artifact-3.9.9.jar
2026-06-29 22:59:21,411 [Worker-13: Launching mavenrun-c3803175-4c12-4b1e-ac3f-432ce613e809] INFO  o.eclipse.m2e.core.internal.Bundles - 	Entry: D:\latest\Eclipse\eclipse-jee-2024-09-R-win32-x86_64\eclipse\plugins\org.eclipse.m2e.maven.runtime_3.9.900.20240824-1409\jars\maven-builder-support-3.9.9.jar
2026-06-29 22:59:21,411 [Worker-13: Launching mavenrun-c3803175-4c12-4b1e-ac3f-432ce613e809] INFO  o.eclipse.m2e.core.internal.Bundles - 	Entry: D:\latest\Eclipse\eclipse-jee-2024-09-R-win32-x86_64\eclipse\plugins\org.eclipse.m2e.maven.runtime_3.9.900.20240824-1409\jars\maven-compat-3.9.9.jar
2026-06-29 22:59:21,412 [Worker-13: Launching mavenrun-c3803175-4c12-4b1e-ac3f-432ce613e809] INFO  o.eclipse.m2e.core.internal.Bundles - 	Entry: D:\latest\Eclipse\eclipse-jee-2024-09-R-win32-x86_64\eclipse\plugins\org.eclipse.m2e.maven.runtime_3.9.900.20240824-1409\jars\maven-core-3.9.9.jar
2026-06-29 22:59:21,412 [Worker-13: Launching mavenrun-c3803175-4c12-4b1e-ac3f-432ce613e809] INFO  o.eclipse.m2e.core.internal.Bundles - 	Entry: D:\latest\Eclipse\eclipse-jee-2024-09-R-win32-x86_64\eclipse\plugins\org.eclipse.m2e.maven.runtime_3.9.900.20240824-1409\jars\maven-embedder-3.9.9.jar
2026-06-29 22:59:21,412 [Worker-13: Launching mavenrun-c3803175-4c12-4b1e-ac3f-432ce613e809] INFO  o.eclipse.m2e.core.internal.Bundles - 	Entry: D:\latest\Eclipse\eclipse-jee-2024-09-R-win32-x86_64\eclipse\plugins\org.eclipse.m2e.maven.runtime_3.9.900.20240824-1409\jars\maven-model-3.9.9.jar
2026-06-29 22:59:21,412 [Worker-13: Launching mavenrun-c3803175-4c12-4b1e-ac3f-432ce613e809] INFO  o.eclipse.m2e.core.internal.Bundles - 	Entry: D:\latest\Eclipse\eclipse-jee-2024-09-R-win32-x86_64\eclipse\plugins\org.eclipse.m2e.maven.runtime_3.9.900.20240824-1409\jars\maven-model-builder-3.9.9.jar
2026-06-29 22:59:21,412 [Worker-13: Launching mavenrun-c3803175-4c12-4b1e-ac3f-432ce613e809] INFO  o.eclipse.m2e.core.internal.Bundles - 	Entry: D:\latest\Eclipse\eclipse-jee-2024-09-R-win32-x86_64\eclipse\plugins\org.eclipse.m2e.maven.runtime_3.9.900.20240824-1409\jars\maven-plugin-api-3.9.9.jar
2026-06-29 22:59:21,412 [Worker-13: Launching mavenrun-c3803175-4c12-4b1e-ac3f-432ce613e809] INFO  o.eclipse.m2e.core.internal.Bundles - 	Entry: D:\latest\Eclipse\eclipse-jee-2024-09-R-win32-x86_64\eclipse\plugins\org.eclipse.m2e.maven.runtime_3.9.900.20240824-1409\jars\maven-repository-metadata-3.9.9.jar
2026-06-29 22:59:21,412 [Worker-13: Launching mavenrun-c3803175-4c12-4b1e-ac3f-432ce613e809] INFO  o.eclipse.m2e.core.internal.Bundles - 	Entry: D:\latest\Eclipse\eclipse-jee-2024-09-R-win32-x86_64\eclipse\plugins\org.eclipse.m2e.maven.runtime_3.9.900.20240824-1409\jars\maven-resolver-api-1.9.22.jar
2026-06-29 22:59:21,412 [Worker-13: Launching mavenrun-c3803175-4c12-4b1e-ac3f-432ce613e809] INFO  o.eclipse.m2e.core.internal.Bundles - 	Entry: D:\latest\Eclipse\eclipse-jee-2024-09-R-win32-x86_64\eclipse\plugins\org.eclipse.m2e.maven.runtime_3.9.900.20240824-1409\jars\maven-resolver-connector-basic-1.9.22.jar
2026-06-29 22:59:21,412 [Worker-13: Launching mavenrun-c3803175-4c12-4b1e-ac3f-432ce613e809] INFO  o.eclipse.m2e.core.internal.Bundles - 	Entry: D:\latest\Eclipse\eclipse-jee-2024-09-R-win32-x86_64\eclipse\plugins\org.eclipse.m2e.maven.runtime_3.9.900.20240824-1409\jars\maven-resolver-impl-1.9.22.jar
2026-06-29 22:59:21,412 [Worker-13: Launching mavenrun-c3803175-4c12-4b1e-ac3f-432ce613e809] INFO  o.eclipse.m2e.core.internal.Bundles - 	Entry: D:\latest\Eclipse\eclipse-jee-2024-09-R-win32-x86_64\eclipse\plugins\org.eclipse.m2e.maven.runtime_3.9.900.20240824-1409\jars\maven-resolver-named-locks-1.9.22.jar
2026-06-29 22:59:21,412 [Worker-13: Launching mavenrun-c3803175-4c12-4b1e-ac3f-432ce613e809] INFO  o.eclipse.m2e.core.internal.Bundles - 	Entry: D:\latest\Eclipse\eclipse-jee-2024-09-R-win32-x86_64\eclipse\plugins\org.eclipse.m2e.maven.runtime_3.9.900.20240824-1409\jars\maven-resolver-provider-3.9.9.jar
2026-06-29 22:59:21,413 [Worker-13: Launching mavenrun-c3803175-4c12-4b1e-ac3f-432ce613e809] INFO  o.eclipse.m2e.core.internal.Bundles - 	Entry: D:\latest\Eclipse\eclipse-jee-2024-09-R-win32-x86_64\eclipse\plugins\org.eclipse.m2e.maven.runtime_3.9.900.20240824-1409\jars\maven-resolver-spi-1.9.22.jar
2026-06-29 22:59:21,413 [Worker-13: Launching mavenrun-c3803175-4c12-4b1e-ac3f-432ce613e809] INFO  o.eclipse.m2e.core.internal.Bundles - 	Entry: D:\latest\Eclipse\eclipse-jee-2024-09-R-win32-x86_64\eclipse\plugins\org.eclipse.m2e.maven.runtime_3.9.900.20240824-1409\jars\maven-resolver-transport-file-1.9.22.jar
2026-06-29 22:59:21,413 [Worker-13: Launching mavenrun-c3803175-4c12-4b1e-ac3f-432ce613e809] INFO  o.eclipse.m2e.core.internal.Bundles - 	Entry: D:\latest\Eclipse\eclipse-jee-2024-09-R-win32-x86_64\eclipse\plugins\org.eclipse.m2e.maven.runtime_3.9.900.20240824-1409\jars\maven-resolver-transport-http-1.9.22.jar
2026-06-29 22:59:21,413 [Worker-13: Launching mavenrun-c3803175-4c12-4b1e-ac3f-432ce613e809] INFO  o.eclipse.m2e.core.internal.Bundles - 	Entry: D:\latest\Eclipse\eclipse-jee-2024-09-R-win32-x86_64\eclipse\plugins\org.eclipse.m2e.maven.runtime_3.9.900.20240824-1409\jars\maven-resolver-transport-wagon-1.9.22.jar
2026-06-29 22:59:21,413 [Worker-13: Launching mavenrun-c3803175-4c12-4b1e-ac3f-432ce613e809] INFO  o.eclipse.m2e.core.internal.Bundles - 	Entry: D:\latest\Eclipse\eclipse-jee-2024-09-R-win32-x86_64\eclipse\plugins\org.eclipse.m2e.maven.runtime_3.9.900.20240824-1409\jars\maven-resolver-util-1.9.22.jar
2026-06-29 22:59:21,413 [Worker-13: Launching mavenrun-c3803175-4c12-4b1e-ac3f-432ce613e809] INFO  o.eclipse.m2e.core.internal.Bundles - 	Entry: D:\latest\Eclipse\eclipse-jee-2024-09-R-win32-x86_64\eclipse\plugins\org.eclipse.m2e.maven.runtime_3.9.900.20240824-1409\jars\maven-settings-3.9.9.jar
2026-06-29 22:59:21,413 [Worker-13: Launching mavenrun-c3803175-4c12-4b1e-ac3f-432ce613e809] INFO  o.eclipse.m2e.core.internal.Bundles - 	Entry: D:\latest\Eclipse\eclipse-jee-2024-09-R-win32-x86_64\eclipse\plugins\org.eclipse.m2e.maven.runtime_3.9.900.20240824-1409\jars\maven-settings-builder-3.9.9.jar
2026-06-29 22:59:21,413 [Worker-13: Launching mavenrun-c3803175-4c12-4b1e-ac3f-432ce613e809] INFO  o.eclipse.m2e.core.internal.Bundles - 	Entry: D:\latest\Eclipse\eclipse-jee-2024-09-R-win32-x86_64\eclipse\plugins\org.eclipse.m2e.maven.runtime_3.9.900.20240824-1409\jars\maven-shared-utils-3.4.2.jar
2026-06-29 22:59:21,413 [Worker-13: Launching mavenrun-c3803175-4c12-4b1e-ac3f-432ce613e809] INFO  o.eclipse.m2e.core.internal.Bundles - 	Entry: D:\latest\Eclipse\eclipse-jee-2024-09-R-win32-x86_64\eclipse\plugins\org.eclipse.m2e.maven.runtime_3.9.900.20240824-1409\jars\org.eclipse.sisu.inject-0.9.0.M3.jar
2026-06-29 22:59:21,413 [Worker-13: Launching mavenrun-c3803175-4c12-4b1e-ac3f-432ce613e809] INFO  o.eclipse.m2e.core.internal.Bundles - 	Entry: D:\latest\Eclipse\eclipse-jee-2024-09-R-win32-x86_64\eclipse\plugins\org.eclipse.m2e.maven.runtime_3.9.900.20240824-1409\jars\org.eclipse.sisu.plexus-0.9.0.M3.jar
2026-06-29 22:59:21,413 [Worker-13: Launching mavenrun-c3803175-4c12-4b1e-ac3f-432ce613e809] INFO  o.eclipse.m2e.core.internal.Bundles - 	Entry: D:\latest\Eclipse\eclipse-jee-2024-09-R-win32-x86_64\eclipse\plugins\org.eclipse.m2e.maven.runtime_3.9.900.20240824-1409\jars\plexus-build-api-0.0.7.jar
2026-06-29 22:59:21,413 [Worker-13: Launching mavenrun-c3803175-4c12-4b1e-ac3f-432ce613e809] INFO  o.eclipse.m2e.core.internal.Bundles - 	Entry: D:\latest\Eclipse\eclipse-jee-2024-09-R-win32-x86_64\eclipse\plugins\org.eclipse.m2e.maven.runtime_3.9.900.20240824-1409\jars\plexus-build-api-1.2.0.jar
2026-06-29 22:59:21,413 [Worker-13: Launching mavenrun-c3803175-4c12-4b1e-ac3f-432ce613e809] INFO  o.eclipse.m2e.core.internal.Bundles - 	Entry: D:\latest\Eclipse\eclipse-jee-2024-09-R-win32-x86_64\eclipse\plugins\org.eclipse.m2e.maven.runtime_3.9.900.20240824-1409\jars\plexus-cipher-2.0.jar
2026-06-29 22:59:21,413 [Worker-13: Launching mavenrun-c3803175-4c12-4b1e-ac3f-432ce613e809] INFO  o.eclipse.m2e.core.internal.Bundles - 	Entry: D:\latest\Eclipse\eclipse-jee-2024-09-R-win32-x86_64\eclipse\plugins\org.eclipse.m2e.maven.runtime_3.9.900.20240824-1409\jars\plexus-classworlds-2.8.0.jar
2026-06-29 22:59:21,413 [Worker-13: Launching mavenrun-c3803175-4c12-4b1e-ac3f-432ce613e809] INFO  o.eclipse.m2e.core.internal.Bundles - 	Entry: D:\latest\Eclipse\eclipse-jee-2024-09-R-win32-x86_64\eclipse\plugins\org.eclipse.m2e.maven.runtime_3.9.900.20240824-1409\jars\plexus-component-annotations-2.1.0.jar
2026-06-29 22:59:21,414 [Worker-13: Launching mavenrun-c3803175-4c12-4b1e-ac3f-432ce613e809] INFO  o.eclipse.m2e.core.internal.Bundles - 	Entry: D:\latest\Eclipse\eclipse-jee-2024-09-R-win32-x86_64\eclipse\plugins\org.eclipse.m2e.maven.runtime_3.9.900.20240824-1409\jars\plexus-interpolation-1.27.jar
2026-06-29 22:59:21,414 [Worker-13: Launching mavenrun-c3803175-4c12-4b1e-ac3f-432ce613e809] INFO  o.eclipse.m2e.core.internal.Bundles - 	Entry: D:\latest\Eclipse\eclipse-jee-2024-09-R-win32-x86_64\eclipse\plugins\org.eclipse.m2e.maven.runtime_3.9.900.20240824-1409\jars\plexus-sec-dispatcher-2.0.jar
2026-06-29 22:59:21,414 [Worker-13: Launching mavenrun-c3803175-4c12-4b1e-ac3f-432ce613e809] INFO  o.eclipse.m2e.core.internal.Bundles - 	Entry: D:\latest\Eclipse\eclipse-jee-2024-09-R-win32-x86_64\eclipse\plugins\org.eclipse.m2e.maven.runtime_3.9.900.20240824-1409\jars\plexus-utils-3.5.1.jar
2026-06-29 22:59:21,414 [Worker-13: Launching mavenrun-c3803175-4c12-4b1e-ac3f-432ce613e809] INFO  o.eclipse.m2e.core.internal.Bundles - 	Entry: D:\latest\Eclipse\eclipse-jee-2024-09-R-win32-x86_64\eclipse\plugins\org.eclipse.m2e.maven.runtime_3.9.900.20240824-1409\jars\plexus-xml-3.0.1.jar
2026-06-29 22:59:21,414 [Worker-13: Launching mavenrun-c3803175-4c12-4b1e-ac3f-432ce613e809] INFO  o.eclipse.m2e.core.internal.Bundles - 	Entry: D:\latest\Eclipse\eclipse-jee-2024-09-R-win32-x86_64\eclipse\plugins\org.eclipse.m2e.maven.runtime_3.9.900.20240824-1409\jars\wagon-file-3.5.3.jar
2026-06-29 22:59:21,414 [Worker-13: Launching mavenrun-c3803175-4c12-4b1e-ac3f-432ce613e809] INFO  o.eclipse.m2e.core.internal.Bundles - 	Entry: D:\latest\Eclipse\eclipse-jee-2024-09-R-win32-x86_64\eclipse\plugins\org.eclipse.m2e.maven.runtime_3.9.900.20240824-1409\jars\wagon-http-3.5.3.jar
2026-06-29 22:59:21,414 [Worker-13: Launching mavenrun-c3803175-4c12-4b1e-ac3f-432ce613e809] INFO  o.eclipse.m2e.core.internal.Bundles - 	Entry: D:\latest\Eclipse\eclipse-jee-2024-09-R-win32-x86_64\eclipse\plugins\org.eclipse.m2e.maven.runtime_3.9.900.20240824-1409\jars\wagon-http-shared-3.5.3.jar
2026-06-29 22:59:21,414 [Worker-13: Launching mavenrun-c3803175-4c12-4b1e-ac3f-432ce613e809] INFO  o.eclipse.m2e.core.internal.Bundles - 	Entry: D:\latest\Eclipse\eclipse-jee-2024-09-R-win32-x86_64\eclipse\plugins\org.eclipse.m2e.maven.runtime_3.9.900.20240824-1409\jars\wagon-provider-api-3.5.3.jar
2026-06-29 22:59:21,416 [Worker-13: Launching mavenrun-c3803175-4c12-4b1e-ac3f-432ce613e809] INFO  o.eclipse.m2e.core.internal.Bundles - getClasspathEntries(Bundle=com.google.guava_33.3.0.jre [16])
2026-06-29 22:59:21,416 [Worker-13: Launching mavenrun-c3803175-4c12-4b1e-ac3f-432ce613e809] INFO  o.eclipse.m2e.core.internal.Bundles - 	Entry: D:\latest\Eclipse\eclipse-jee-2024-09-R-win32-x86_64\eclipse\plugins\com.google.guava_33.3.0.jre.jar
2026-06-29 22:59:21,416 [Worker-13: Launching mavenrun-c3803175-4c12-4b1e-ac3f-432ce613e809] INFO  o.eclipse.m2e.core.internal.Bundles - getClasspathEntries(Bundle=slf4j.api_2.0.17 [1107])
2026-06-29 22:59:21,417 [Worker-13: Launching mavenrun-c3803175-4c12-4b1e-ac3f-432ce613e809] INFO  o.eclipse.m2e.core.internal.Bundles - 	Entry: D:\latest\Eclipse\eclipse-jee-2024-09-R-win32-x86_64\eclipse\plugins\slf4j.api_2.0.17.jar
2026-06-29 22:59:21,417 [Worker-13: Launching mavenrun-c3803175-4c12-4b1e-ac3f-432ce613e809] INFO  o.eclipse.m2e.core.internal.Bundles - getClasspathEntries(Bundle=javax.inject_1.0.0.v20220405-0441 [1028])
2026-06-29 22:59:21,417 [Worker-13: Launching mavenrun-c3803175-4c12-4b1e-ac3f-432ce613e809] INFO  o.eclipse.m2e.core.internal.Bundles - 	Entry: D:\latest\Eclipse\eclipse-jee-2024-09-R-win32-x86_64\eclipse\plugins\javax.inject_1.0.0.v20220405-0441.jar
2026-06-29 22:59:21,417 [Worker-13: Launching mavenrun-c3803175-4c12-4b1e-ac3f-432ce613e809] INFO  o.eclipse.m2e.core.internal.Bundles - getClasspathEntries(Bundle=javax.annotation_1.3.5.v20230504-0748 [1027])
2026-06-29 22:59:21,418 [Worker-13: Launching mavenrun-c3803175-4c12-4b1e-ac3f-432ce613e809] INFO  o.eclipse.m2e.core.internal.Bundles - 	Entry: D:\latest\Eclipse\eclipse-jee-2024-09-R-win32-x86_64\eclipse\plugins\javax.annotation_1.3.5.v20230504-0748.jar
2026-06-29 22:59:21,418 [Worker-13: Launching mavenrun-c3803175-4c12-4b1e-ac3f-432ce613e809] INFO  o.eclipse.m2e.core.internal.Bundles - getClasspathEntries(Bundle=org.apache.commons.cli_1.9.0 [78])
2026-06-29 22:59:21,418 [Worker-13: Launching mavenrun-c3803175-4c12-4b1e-ac3f-432ce613e809] INFO  o.eclipse.m2e.core.internal.Bundles - 	Entry: D:\latest\Eclipse\eclipse-jee-2024-09-R-win32-x86_64\eclipse\plugins\org.apache.commons.cli_1.9.0.jar
2026-06-29 22:59:21,418 [Worker-13: Launching mavenrun-c3803175-4c12-4b1e-ac3f-432ce613e809] INFO  o.eclipse.m2e.core.internal.Bundles - getClasspathEntries(Bundle=org.apache.commons.commons-codec_1.16.0 [81])
2026-06-29 22:59:21,418 [Worker-13: Launching mavenrun-c3803175-4c12-4b1e-ac3f-432ce613e809] INFO  o.eclipse.m2e.core.internal.Bundles - 	Entry: D:\latest\Eclipse\eclipse-jee-2024-09-R-win32-x86_64\eclipse\plugins\org.apache.commons.commons-codec_1.16.0.jar
2026-06-29 22:59:21,418 [Worker-13: Launching mavenrun-c3803175-4c12-4b1e-ac3f-432ce613e809] INFO  o.eclipse.m2e.core.internal.Bundles - getClasspathEntries(Bundle=com.google.guava.failureaccess_1.0.2 [17])
2026-06-29 22:59:21,418 [Worker-13: Launching mavenrun-c3803175-4c12-4b1e-ac3f-432ce613e809] INFO  o.eclipse.m2e.core.internal.Bundles - 	Entry: D:\latest\Eclipse\eclipse-jee-2024-09-R-win32-x86_64\eclipse\plugins\com.google.guava.failureaccess_1.0.2.jar
2026-06-29 22:59:21,454 [Worker-13: Launching mavenrun-c3803175-4c12-4b1e-ac3f-432ce613e809] INFO  o.e.m.i.launch.MavenLaunchDelegate - Run build in "C:\Users\SARVJE~1\AppData\Local\Temp\m2e-archetypeGenerator3039984207903966121":
2026-06-29 22:59:21,476 [Worker-13: Launching mavenrun-c3803175-4c12-4b1e-ac3f-432ce613e809] INFO  o.e.m.i.launch.MavenLaunchDelegate -  mvn  -DarchetypeGroupId=org.apache.maven.archetypes -DarchetypeArtifactId=maven-archetype-quickstart -DarchetypeVersion=1.1 -DgroupId=in.smartprogramming -DartifactId=MavenFirstProject -Dversion=1.0 -Dpackage=in.smartprogramming.MavenFirstProject -DoutputDirectory="C:\Users\Sarvjeet Singh\Downloads\spring" -Dstyle.color=always -U archetype:generate
2026-06-29 22:59:38,538 [Worker-1: Creating maven-archetype-quickstart] INFO  o.e.m.c.i.p.ProjectConfigurationManager - Collecting project info '/pom.xml' C:\Users\Sarvjeet Singh\Downloads\spring\MavenFirstProject\pom.xml
2026-06-29 22:59:41,118 [Worker-1: Creating maven-archetype-quickstart] INFO  o.e.m.c.i.l.LifecycleMappingFactory - Using org.eclipse.m2e.jdt.JarLifecycleMapping lifecycle mapping for MavenProject: in.smartprogramming:MavenFirstProject:1.0 @ C:\Users\Sarvjeet Singh\Downloads\spring\MavenFirstProject\pom.xml.
2026-06-29 22:59:43,015 [Worker-1: Creating maven-archetype-quickstart] INFO  o.e.m.j.i.AbstractJavaProjectConfigurator - Adding source folder /MavenFirstProject/src/main/java
2026-06-29 22:59:43,018 [Worker-1: Creating maven-archetype-quickstart] INFO  o.e.m.j.i.AbstractJavaProjectConfigurator - Adding resource folder /MavenFirstProject/src/main/resources
2026-06-29 22:59:43,030 [Worker-1: Creating maven-archetype-quickstart] INFO  o.e.m.j.i.AbstractJavaProjectConfigurator - Adding source folder /MavenFirstProject/src/test/java
2026-06-29 22:59:43,032 [Worker-1: Creating maven-archetype-quickstart] INFO  o.e.m.j.i.AbstractJavaProjectConfigurator - Adding resource folder /MavenFirstProject/src/test/resources
2026-06-29 22:59:43,273 [Worker-1: Creating maven-archetype-quickstart] INFO  o.e.m.c.i.p.ProjectConfigurationManager - Imported and configured 1 project(s) in 4 sec
2026-06-29 22:59:44,507 [Worker-13: Building] INFO  o.a.m.s.f.DefaultMavenResourcesFiltering - skip non existing resourceDirectory C:\Users\Sarvjeet Singh\Downloads\spring\MavenFirstProject\src\main\resources
2026-06-29 22:59:44,512 [Worker-13: Building] INFO  o.a.m.s.f.DefaultMavenResourcesFiltering - skip non existing resourceDirectory C:\Users\Sarvjeet Singh\Downloads\spring\MavenFirstProject\src\test\resources
2026-06-29 23:05:12,571 [Worker-2: Loading available Gradle versions] INFO  o.e.b.c.i.u.g.PublishedGradleVersions - Gradle version information cache is up-to-date. Trying to read.
2026-06-29 23:21:16,464 [Worker-1: Loading available Gradle versions] INFO  o.e.b.c.i.u.g.PublishedGradleVersions - Gradle version information cache is out-of-date. Trying to update.
2026-06-29 23:22:22,934 [Worker-10: Launching mavenrun-44ef3922-249e-40f0-af39-df6575f431f7] INFO  o.eclipse.m2e.core.internal.Bundles - getClasspathEntries(Bundle=org.eclipse.m2e.maven.runtime_3.9.900.20240824-1409 [643])
2026-06-29 23:22:22,938 [Worker-10: Launching mavenrun-44ef3922-249e-40f0-af39-df6575f431f7] INFO  o.eclipse.m2e.core.internal.Bundles - 	Entry: D:\latest\Eclipse\eclipse-jee-2024-09-R-win32-x86_64\eclipse\plugins\org.eclipse.m2e.maven.runtime_3.9.900.20240824-1409
2026-06-29 23:22:22,939 [Worker-10: Launching mavenrun-44ef3922-249e-40f0-af39-df6575f431f7] INFO  o.eclipse.m2e.core.internal.Bundles - 	Entry: D:\latest\Eclipse\eclipse-jee-2024-09-R-win32-x86_64\eclipse\plugins\org.eclipse.m2e.maven.runtime_3.9.900.20240824-1409\jars\aopalliance-1.0.jar
2026-06-29 23:22:22,939 [Worker-10: Launching mavenrun-44ef3922-249e-40f0-af39-df6575f431f7] INFO  o.eclipse.m2e.core.internal.Bundles - 	Entry: D:\latest\Eclipse\eclipse-jee-2024-09-R-win32-x86_64\eclipse\plugins\org.eclipse.m2e.maven.runtime_3.9.900.20240824-1409\jars\guice-5.1.0.jar
2026-06-29 23:22:22,939 [Worker-10: Launching mavenrun-44ef3922-249e-40f0-af39-df6575f431f7] INFO  o.eclipse.m2e.core.internal.Bundles - 	Entry: D:\latest\Eclipse\eclipse-jee-2024-09-R-win32-x86_64\eclipse\plugins\org.eclipse.m2e.maven.runtime_3.9.900.20240824-1409\jars\httpclient-4.5.14.jar
2026-06-29 23:22:22,939 [Worker-10: Launching mavenrun-44ef3922-249e-40f0-af39-df6575f431f7] INFO  o.eclipse.m2e.core.internal.Bundles - 	Entry: D:\latest\Eclipse\eclipse-jee-2024-09-R-win32-x86_64\eclipse\plugins\org.eclipse.m2e.maven.runtime_3.9.900.20240824-1409\jars\httpcore-4.4.16.jar
2026-06-29 23:22:22,939 [Worker-10: Launching mavenrun-44ef3922-249e-40f0-af39-df6575f431f7] INFO  o.eclipse.m2e.core.internal.Bundles - 	Entry: D:\latest\Eclipse\eclipse-jee-2024-09-R-win32-x86_64\eclipse\plugins\org.eclipse.m2e.maven.runtime_3.9.900.20240824-1409\jars\jansi-2.4.1.jar
2026-06-29 23:22:22,939 [Worker-10: Launching mavenrun-44ef3922-249e-40f0-af39-df6575f431f7] INFO  o.eclipse.m2e.core.internal.Bundles - 	Entry: D:\latest\Eclipse\eclipse-jee-2024-09-R-win32-x86_64\eclipse\plugins\org.eclipse.m2e.maven.runtime_3.9.900.20240824-1409\jars\jcl-over-slf4j-1.7.36.jar
2026-06-29 23:22:22,939 [Worker-10: Launching mavenrun-44ef3922-249e-40f0-af39-df6575f431f7] INFO  o.eclipse.m2e.core.internal.Bundles - 	Entry: D:\latest\Eclipse\eclipse-jee-2024-09-R-win32-x86_64\eclipse\plugins\org.eclipse.m2e.maven.runtime_3.9.900.20240824-1409\jars\maven-artifact-3.9.9.jar
2026-06-29 23:22:22,939 [Worker-10: Launching mavenrun-44ef3922-249e-40f0-af39-df6575f431f7] INFO  o.eclipse.m2e.core.internal.Bundles - 	Entry: D:\latest\Eclipse\eclipse-jee-2024-09-R-win32-x86_64\eclipse\plugins\org.eclipse.m2e.maven.runtime_3.9.900.20240824-1409\jars\maven-builder-support-3.9.9.jar
2026-06-29 23:22:22,940 [Worker-10: Launching mavenrun-44ef3922-249e-40f0-af39-df6575f431f7] INFO  o.eclipse.m2e.core.internal.Bundles - 	Entry: D:\latest\Eclipse\eclipse-jee-2024-09-R-win32-x86_64\eclipse\plugins\org.eclipse.m2e.maven.runtime_3.9.900.20240824-1409\jars\maven-compat-3.9.9.jar
2026-06-29 23:22:22,940 [Worker-10: Launching mavenrun-44ef3922-249e-40f0-af39-df6575f431f7] INFO  o.eclipse.m2e.core.internal.Bundles - 	Entry: D:\latest\Eclipse\eclipse-jee-2024-09-R-win32-x86_64\eclipse\plugins\org.eclipse.m2e.maven.runtime_3.9.900.20240824-1409\jars\maven-core-3.9.9.jar
2026-06-29 23:22:22,940 [Worker-10: Launching mavenrun-44ef3922-249e-40f0-af39-df6575f431f7] INFO  o.eclipse.m2e.core.internal.Bundles - 	Entry: D:\latest\Eclipse\eclipse-jee-2024-09-R-win32-x86_64\eclipse\plugins\org.eclipse.m2e.maven.runtime_3.9.900.20240824-1409\jars\maven-embedder-3.9.9.jar
2026-06-29 23:22:22,940 [Worker-10: Launching mavenrun-44ef3922-249e-40f0-af39-df6575f431f7] INFO  o.eclipse.m2e.core.internal.Bundles - 	Entry: D:\latest\Eclipse\eclipse-jee-2024-09-R-win32-x86_64\eclipse\plugins\org.eclipse.m2e.maven.runtime_3.9.900.20240824-1409\jars\maven-model-3.9.9.jar
2026-06-29 23:22:22,940 [Worker-10: Launching mavenrun-44ef3922-249e-40f0-af39-df6575f431f7] INFO  o.eclipse.m2e.core.internal.Bundles - 	Entry: D:\latest\Eclipse\eclipse-jee-2024-09-R-win32-x86_64\eclipse\plugins\org.eclipse.m2e.maven.runtime_3.9.900.20240824-1409\jars\maven-model-builder-3.9.9.jar
2026-06-29 23:22:22,940 [Worker-10: Launching mavenrun-44ef3922-249e-40f0-af39-df6575f431f7] INFO  o.eclipse.m2e.core.internal.Bundles - 	Entry: D:\latest\Eclipse\eclipse-jee-2024-09-R-win32-x86_64\eclipse\plugins\org.eclipse.m2e.maven.runtime_3.9.900.20240824-1409\jars\maven-plugin-api-3.9.9.jar
2026-06-29 23:22:22,940 [Worker-10: Launching mavenrun-44ef3922-249e-40f0-af39-df6575f431f7] INFO  o.eclipse.m2e.core.internal.Bundles - 	Entry: D:\latest\Eclipse\eclipse-jee-2024-09-R-win32-x86_64\eclipse\plugins\org.eclipse.m2e.maven.runtime_3.9.900.20240824-1409\jars\maven-repository-metadata-3.9.9.jar
2026-06-29 23:22:22,940 [Worker-10: Launching mavenrun-44ef3922-249e-40f0-af39-df6575f431f7] INFO  o.eclipse.m2e.core.internal.Bundles - 	Entry: D:\latest\Eclipse\eclipse-jee-2024-09-R-win32-x86_64\eclipse\plugins\org.eclipse.m2e.maven.runtime_3.9.900.20240824-1409\jars\maven-resolver-api-1.9.22.jar
2026-06-29 23:22:22,940 [Worker-10: Launching mavenrun-44ef3922-249e-40f0-af39-df6575f431f7] INFO  o.eclipse.m2e.core.internal.Bundles - 	Entry: D:\latest\Eclipse\eclipse-jee-2024-09-R-win32-x86_64\eclipse\plugins\org.eclipse.m2e.maven.runtime_3.9.900.20240824-1409\jars\maven-resolver-connector-basic-1.9.22.jar
2026-06-29 23:22:22,940 [Worker-10: Launching mavenrun-44ef3922-249e-40f0-af39-df6575f431f7] INFO  o.eclipse.m2e.core.internal.Bundles - 	Entry: D:\latest\Eclipse\eclipse-jee-2024-09-R-win32-x86_64\eclipse\plugins\org.eclipse.m2e.maven.runtime_3.9.900.20240824-1409\jars\maven-resolver-impl-1.9.22.jar
2026-06-29 23:22:22,940 [Worker-10: Launching mavenrun-44ef3922-249e-40f0-af39-df6575f431f7] INFO  o.eclipse.m2e.core.internal.Bundles - 	Entry: D:\latest\Eclipse\eclipse-jee-2024-09-R-win32-x86_64\eclipse\plugins\org.eclipse.m2e.maven.runtime_3.9.900.20240824-1409\jars\maven-resolver-named-locks-1.9.22.jar
2026-06-29 23:22:22,940 [Worker-10: Launching mavenrun-44ef3922-249e-40f0-af39-df6575f431f7] INFO  o.eclipse.m2e.core.internal.Bundles - 	Entry: D:\latest\Eclipse\eclipse-jee-2024-09-R-win32-x86_64\eclipse\plugins\org.eclipse.m2e.maven.runtime_3.9.900.20240824-1409\jars\maven-resolver-provider-3.9.9.jar
2026-06-29 23:22:22,940 [Worker-10: Launching mavenrun-44ef3922-249e-40f0-af39-df6575f431f7] INFO  o.eclipse.m2e.core.internal.Bundles - 	Entry: D:\latest\Eclipse\eclipse-jee-2024-09-R-win32-x86_64\eclipse\plugins\org.eclipse.m2e.maven.runtime_3.9.900.20240824-1409\jars\maven-resolver-spi-1.9.22.jar
2026-06-29 23:22:22,940 [Worker-10: Launching mavenrun-44ef3922-249e-40f0-af39-df6575f431f7] INFO  o.eclipse.m2e.core.internal.Bundles - 	Entry: D:\latest\Eclipse\eclipse-jee-2024-09-R-win32-x86_64\eclipse\plugins\org.eclipse.m2e.maven.runtime_3.9.900.20240824-1409\jars\maven-resolver-transport-file-1.9.22.jar
2026-06-29 23:22:22,941 [Worker-10: Launching mavenrun-44ef3922-249e-40f0-af39-df6575f431f7] INFO  o.eclipse.m2e.core.internal.Bundles - 	Entry: D:\latest\Eclipse\eclipse-jee-2024-09-R-win32-x86_64\eclipse\plugins\org.eclipse.m2e.maven.runtime_3.9.900.20240824-1409\jars\maven-resolver-transport-http-1.9.22.jar
2026-06-29 23:22:22,941 [Worker-10: Launching mavenrun-44ef3922-249e-40f0-af39-df6575f431f7] INFO  o.eclipse.m2e.core.internal.Bundles - 	Entry: D:\latest\Eclipse\eclipse-jee-2024-09-R-win32-x86_64\eclipse\plugins\org.eclipse.m2e.maven.runtime_3.9.900.20240824-1409\jars\maven-resolver-transport-wagon-1.9.22.jar
2026-06-29 23:22:22,941 [Worker-10: Launching mavenrun-44ef3922-249e-40f0-af39-df6575f431f7] INFO  o.eclipse.m2e.core.internal.Bundles - 	Entry: D:\latest\Eclipse\eclipse-jee-2024-09-R-win32-x86_64\eclipse\plugins\org.eclipse.m2e.maven.runtime_3.9.900.20240824-1409\jars\maven-resolver-util-1.9.22.jar
2026-06-29 23:22:22,941 [Worker-10: Launching mavenrun-44ef3922-249e-40f0-af39-df6575f431f7] INFO  o.eclipse.m2e.core.internal.Bundles - 	Entry: D:\latest\Eclipse\eclipse-jee-2024-09-R-win32-x86_64\eclipse\plugins\org.eclipse.m2e.maven.runtime_3.9.900.20240824-1409\jars\maven-settings-3.9.9.jar
2026-06-29 23:22:22,941 [Worker-10: Launching mavenrun-44ef3922-249e-40f0-af39-df6575f431f7] INFO  o.eclipse.m2e.core.internal.Bundles - 	Entry: D:\latest\Eclipse\eclipse-jee-2024-09-R-win32-x86_64\eclipse\plugins\org.eclipse.m2e.maven.runtime_3.9.900.20240824-1409\jars\maven-settings-builder-3.9.9.jar
2026-06-29 23:22:22,941 [Worker-10: Launching mavenrun-44ef3922-249e-40f0-af39-df6575f431f7] INFO  o.eclipse.m2e.core.internal.Bundles - 	Entry: D:\latest\Eclipse\eclipse-jee-2024-09-R-win32-x86_64\eclipse\plugins\org.eclipse.m2e.maven.runtime_3.9.900.20240824-1409\jars\maven-shared-utils-3.4.2.jar
2026-06-29 23:22:22,941 [Worker-10: Launching mavenrun-44ef3922-249e-40f0-af39-df6575f431f7] INFO  o.eclipse.m2e.core.internal.Bundles - 	Entry: D:\latest\Eclipse\eclipse-jee-2024-09-R-win32-x86_64\eclipse\plugins\org.eclipse.m2e.maven.runtime_3.9.900.20240824-1409\jars\org.eclipse.sisu.inject-0.9.0.M3.jar
2026-06-29 23:22:22,941 [Worker-10: Launching mavenrun-44ef3922-249e-40f0-af39-df6575f431f7] INFO  o.eclipse.m2e.core.internal.Bundles - 	Entry: D:\latest\Eclipse\eclipse-jee-2024-09-R-win32-x86_64\eclipse\plugins\org.eclipse.m2e.maven.runtime_3.9.900.20240824-1409\jars\org.eclipse.sisu.plexus-0.9.0.M3.jar
2026-06-29 23:22:22,941 [Worker-10: Launching mavenrun-44ef3922-249e-40f0-af39-df6575f431f7] INFO  o.eclipse.m2e.core.internal.Bundles - 	Entry: D:\latest\Eclipse\eclipse-jee-2024-09-R-win32-x86_64\eclipse\plugins\org.eclipse.m2e.maven.runtime_3.9.900.20240824-1409\jars\plexus-build-api-0.0.7.jar
2026-06-29 23:22:22,941 [Worker-10: Launching mavenrun-44ef3922-249e-40f0-af39-df6575f431f7] INFO  o.eclipse.m2e.core.internal.Bundles - 	Entry: D:\latest\Eclipse\eclipse-jee-2024-09-R-win32-x86_64\eclipse\plugins\org.eclipse.m2e.maven.runtime_3.9.900.20240824-1409\jars\plexus-build-api-1.2.0.jar
2026-06-29 23:22:22,941 [Worker-10: Launching mavenrun-44ef3922-249e-40f0-af39-df6575f431f7] INFO  o.eclipse.m2e.core.internal.Bundles - 	Entry: D:\latest\Eclipse\eclipse-jee-2024-09-R-win32-x86_64\eclipse\plugins\org.eclipse.m2e.maven.runtime_3.9.900.20240824-1409\jars\plexus-cipher-2.0.jar
2026-06-29 23:22:22,941 [Worker-10: Launching mavenrun-44ef3922-249e-40f0-af39-df6575f431f7] INFO  o.eclipse.m2e.core.internal.Bundles - 	Entry: D:\latest\Eclipse\eclipse-jee-2024-09-R-win32-x86_64\eclipse\plugins\org.eclipse.m2e.maven.runtime_3.9.900.20240824-1409\jars\plexus-classworlds-2.8.0.jar
2026-06-29 23:22:22,941 [Worker-10: Launching mavenrun-44ef3922-249e-40f0-af39-df6575f431f7] INFO  o.eclipse.m2e.core.internal.Bundles - 	Entry: D:\latest\Eclipse\eclipse-jee-2024-09-R-win32-x86_64\eclipse\plugins\org.eclipse.m2e.maven.runtime_3.9.900.20240824-1409\jars\plexus-component-annotations-2.1.0.jar
2026-06-29 23:22:22,942 [Worker-10: Launching mavenrun-44ef3922-249e-40f0-af39-df6575f431f7] INFO  o.eclipse.m2e.core.internal.Bundles - 	Entry: D:\latest\Eclipse\eclipse-jee-2024-09-R-win32-x86_64\eclipse\plugins\org.eclipse.m2e.maven.runtime_3.9.900.20240824-1409\jars\plexus-interpolation-1.27.jar
2026-06-29 23:22:22,942 [Worker-10: Launching mavenrun-44ef3922-249e-40f0-af39-df6575f431f7] INFO  o.eclipse.m2e.core.internal.Bundles - 	Entry: D:\latest\Eclipse\eclipse-jee-2024-09-R-win32-x86_64\eclipse\plugins\org.eclipse.m2e.maven.runtime_3.9.900.20240824-1409\jars\plexus-sec-dispatcher-2.0.jar
2026-06-29 23:22:22,942 [Worker-10: Launching mavenrun-44ef3922-249e-40f0-af39-df6575f431f7] INFO  o.eclipse.m2e.core.internal.Bundles - 	Entry: D:\latest\Eclipse\eclipse-jee-2024-09-R-win32-x86_64\eclipse\plugins\org.eclipse.m2e.maven.runtime_3.9.900.20240824-1409\jars\plexus-utils-3.5.1.jar
2026-06-29 23:22:22,942 [Worker-10: Launching mavenrun-44ef3922-249e-40f0-af39-df6575f431f7] INFO  o.eclipse.m2e.core.internal.Bundles - 	Entry: D:\latest\Eclipse\eclipse-jee-2024-09-R-win32-x86_64\eclipse\plugins\org.eclipse.m2e.maven.runtime_3.9.900.20240824-1409\jars\plexus-xml-3.0.1.jar
2026-06-29 23:22:22,942 [Worker-10: Launching mavenrun-44ef3922-249e-40f0-af39-df6575f431f7] INFO  o.eclipse.m2e.core.internal.Bundles - 	Entry: D:\latest\Eclipse\eclipse-jee-2024-09-R-win32-x86_64\eclipse\plugins\org.eclipse.m2e.maven.runtime_3.9.900.20240824-1409\jars\wagon-file-3.5.3.jar
2026-06-29 23:22:22,942 [Worker-10: Launching mavenrun-44ef3922-249e-40f0-af39-df6575f431f7] INFO  o.eclipse.m2e.core.internal.Bundles - 	Entry: D:\latest\Eclipse\eclipse-jee-2024-09-R-win32-x86_64\eclipse\plugins\org.eclipse.m2e.maven.runtime_3.9.900.20240824-1409\jars\wagon-http-3.5.3.jar
2026-06-29 23:22:22,942 [Worker-10: Launching mavenrun-44ef3922-249e-40f0-af39-df6575f431f7] INFO  o.eclipse.m2e.core.internal.Bundles - 	Entry: D:\latest\Eclipse\eclipse-jee-2024-09-R-win32-x86_64\eclipse\plugins\org.eclipse.m2e.maven.runtime_3.9.900.20240824-1409\jars\wagon-http-shared-3.5.3.jar
2026-06-29 23:22:22,942 [Worker-10: Launching mavenrun-44ef3922-249e-40f0-af39-df6575f431f7] INFO  o.eclipse.m2e.core.internal.Bundles - 	Entry: D:\latest\Eclipse\eclipse-jee-2024-09-R-win32-x86_64\eclipse\plugins\org.eclipse.m2e.maven.runtime_3.9.900.20240824-1409\jars\wagon-provider-api-3.5.3.jar
2026-06-29 23:22:22,944 [Worker-10: Launching mavenrun-44ef3922-249e-40f0-af39-df6575f431f7] INFO  o.eclipse.m2e.core.internal.Bundles - getClasspathEntries(Bundle=com.google.guava_33.3.0.jre [16])
2026-06-29 23:22:22,944 [Worker-10: Launching mavenrun-44ef3922-249e-40f0-af39-df6575f431f7] INFO  o.eclipse.m2e.core.internal.Bundles - 	Entry: D:\latest\Eclipse\eclipse-jee-2024-09-R-win32-x86_64\eclipse\plugins\com.google.guava_33.3.0.jre.jar
2026-06-29 23:22:22,944 [Worker-10: Launching mavenrun-44ef3922-249e-40f0-af39-df6575f431f7] INFO  o.eclipse.m2e.core.internal.Bundles - getClasspathEntries(Bundle=slf4j.api_2.0.17 [1107])
2026-06-29 23:22:22,945 [Worker-10: Launching mavenrun-44ef3922-249e-40f0-af39-df6575f431f7] INFO  o.eclipse.m2e.core.internal.Bundles - 	Entry: D:\latest\Eclipse\eclipse-jee-2024-09-R-win32-x86_64\eclipse\plugins\slf4j.api_2.0.17.jar
2026-06-29 23:22:22,945 [Worker-10: Launching mavenrun-44ef3922-249e-40f0-af39-df6575f431f7] INFO  o.eclipse.m2e.core.internal.Bundles - getClasspathEntries(Bundle=javax.inject_1.0.0.v20220405-0441 [1028])
2026-06-29 23:22:22,945 [Worker-10: Launching mavenrun-44ef3922-249e-40f0-af39-df6575f431f7] INFO  o.eclipse.m2e.core.internal.Bundles - 	Entry: D:\latest\Eclipse\eclipse-jee-2024-09-R-win32-x86_64\eclipse\plugins\javax.inject_1.0.0.v20220405-0441.jar
2026-06-29 23:22:22,945 [Worker-10: Launching mavenrun-44ef3922-249e-40f0-af39-df6575f431f7] INFO  o.eclipse.m2e.core.internal.Bundles - getClasspathEntries(Bundle=javax.annotation_1.3.5.v20230504-0748 [1027])
2026-06-29 23:22:22,945 [Worker-10: Launching mavenrun-44ef3922-249e-40f0-af39-df6575f431f7] INFO  o.eclipse.m2e.core.internal.Bundles - 	Entry: D:\latest\Eclipse\eclipse-jee-2024-09-R-win32-x86_64\eclipse\plugins\javax.annotation_1.3.5.v20230504-0748.jar
2026-06-29 23:22:22,945 [Worker-10: Launching mavenrun-44ef3922-249e-40f0-af39-df6575f431f7] INFO  o.eclipse.m2e.core.internal.Bundles - getClasspathEntries(Bundle=org.apache.commons.cli_1.9.0 [78])
2026-06-29 23:22:22,945 [Worker-10: Launching mavenrun-44ef3922-249e-40f0-af39-df6575f431f7] INFO  o.eclipse.m2e.core.internal.Bundles - 	Entry: D:\latest\Eclipse\eclipse-jee-2024-09-R-win32-x86_64\eclipse\plugins\org.apache.commons.cli_1.9.0.jar
2026-06-29 23:22:22,945 [Worker-10: Launching mavenrun-44ef3922-249e-40f0-af39-df6575f431f7] INFO  o.eclipse.m2e.core.internal.Bundles - getClasspathEntries(Bundle=org.apache.commons.commons-codec_1.16.0 [81])
2026-06-29 23:22:22,946 [Worker-10: Launching mavenrun-44ef3922-249e-40f0-af39-df6575f431f7] INFO  o.eclipse.m2e.core.internal.Bundles - 	Entry: D:\latest\Eclipse\eclipse-jee-2024-09-R-win32-x86_64\eclipse\plugins\org.apache.commons.commons-codec_1.16.0.jar
2026-06-29 23:22:22,946 [Worker-10: Launching mavenrun-44ef3922-249e-40f0-af39-df6575f431f7] INFO  o.eclipse.m2e.core.internal.Bundles - getClasspathEntries(Bundle=com.google.guava.failureaccess_1.0.2 [17])
2026-06-29 23:22:22,946 [Worker-10: Launching mavenrun-44ef3922-249e-40f0-af39-df6575f431f7] INFO  o.eclipse.m2e.core.internal.Bundles - 	Entry: D:\latest\Eclipse\eclipse-jee-2024-09-R-win32-x86_64\eclipse\plugins\com.google.guava.failureaccess_1.0.2.jar
2026-06-29 23:22:22,956 [Worker-10: Launching mavenrun-44ef3922-249e-40f0-af39-df6575f431f7] INFO  o.e.m.i.launch.MavenLaunchDelegate - Run build in "C:\Users\SARVJE~1\AppData\Local\Temp\m2e-archetypeGenerator6769741672103716375":
2026-06-29 23:22:22,973 [Worker-10: Launching mavenrun-44ef3922-249e-40f0-af39-df6575f431f7] INFO  o.e.m.i.launch.MavenLaunchDelegate -  mvn  -DarchetypeGroupId=org.apache.maven.archetypes -DarchetypeArtifactId=maven-archetype-quickstart -DarchetypeVersion=1.1 -DgroupId=in.smartprogramming -DartifactId=MavenFirstProject -Dversion=0.0.1-SNAPSHOT -Dpackage=in.sp.main -DoutputDirectory="C:\Users\Sarvjeet Singh\Downloads\spring" -Dstyle.color=always -U archetype:generate
2026-06-29 23:22:34,058 [Worker-7: Creating maven-archetype-quickstart] INFO  o.e.m.c.i.p.ProjectConfigurationManager - Collecting project info '/pom.xml' C:\Users\Sarvjeet Singh\Downloads\spring\MavenFirstProject\pom.xml
2026-06-29 23:22:34,817 [Worker-7: Creating maven-archetype-quickstart] INFO  o.e.m.c.i.l.LifecycleMappingFactory - Using org.eclipse.m2e.jdt.JarLifecycleMapping lifecycle mapping for MavenProject: in.smartprogramming:MavenFirstProject:0.0.1-SNAPSHOT @ C:\Users\Sarvjeet Singh\Downloads\spring\MavenFirstProject\pom.xml.
2026-06-29 23:22:35,529 [Worker-7: Creating maven-archetype-quickstart] INFO  o.e.m.j.i.AbstractJavaProjectConfigurator - Adding source folder /MavenFirstProject/src/main/java
2026-06-29 23:22:35,532 [Worker-7: Creating maven-archetype-quickstart] INFO  o.e.m.j.i.AbstractJavaProjectConfigurator - Adding resource folder /MavenFirstProject/src/main/resources
2026-06-29 23:22:35,538 [Worker-7: Creating maven-archetype-quickstart] INFO  o.e.m.j.i.AbstractJavaProjectConfigurator - Adding source folder /MavenFirstProject/src/test/java
2026-06-29 23:22:35,540 [Worker-7: Creating maven-archetype-quickstart] INFO  o.e.m.j.i.AbstractJavaProjectConfigurator - Adding resource folder /MavenFirstProject/src/test/resources
2026-06-29 23:22:35,784 [Worker-7: Creating maven-archetype-quickstart] INFO  o.e.m.c.i.p.ProjectConfigurationManager - Imported and configured 1 project(s) in 1 sec
2026-06-29 23:22:36,417 [Worker-6: Building] INFO  o.a.m.s.f.DefaultMavenResourcesFiltering - skip non existing resourceDirectory C:\Users\Sarvjeet Singh\Downloads\spring\MavenFirstProject\src\main\resources
2026-06-29 23:22:36,422 [Worker-6: Building] INFO  o.a.m.s.f.DefaultMavenResourcesFiltering - skip non existing resourceDirectory C:\Users\Sarvjeet Singh\Downloads\spring\MavenFirstProject\src\test\resources
2026-06-29 23:24:35,244 [Worker-1: Building] INFO  o.a.m.s.f.DefaultMavenResourcesFiltering - skip non existing resourceDirectory C:\Users\Sarvjeet Singh\Downloads\spring\MavenFirstProject\src\main\resources
2026-06-29 23:24:35,247 [Worker-1: Building] INFO  o.a.m.s.f.DefaultMavenResourcesFiltering - skip non existing resourceDirectory C:\Users\Sarvjeet Singh\Downloads\spring\MavenFirstProject\src\test\resources
2026-06-29 23:25:45,267 [Worker-4: Building] INFO  o.a.m.s.f.DefaultMavenResourcesFiltering - Copying 0 resource from src\main\resources to target\classes
2026-06-29 23:25:45,272 [Worker-4: Building] INFO  o.a.m.s.f.DefaultMavenResourcesFiltering - Copying 0 resource from src\test\resources to target\test-classes
2026-06-29 23:26:48,799 [Worker-2: Building] INFO  o.a.m.s.f.DefaultMavenResourcesFiltering - Copying 0 resource from src\main\resources to target\classes
2026-06-29 23:26:48,803 [Worker-2: Building] INFO  o.a.m.s.f.DefaultMavenResourcesFiltering - Copying 0 resource from src\test\resources to target\test-classes
2026-06-29 23:27:36,506 [Worker-4: Building] INFO  o.a.m.s.f.DefaultMavenResourcesFiltering - Copying 0 resource from src\main\resources to target\classes
2026-06-29 23:27:36,515 [Worker-4: Building] INFO  o.a.m.s.f.DefaultMavenResourcesFiltering - Copying 0 resource from src\test\resources to target\test-classes
2026-06-29 23:28:57,553 [Worker-10: Building] INFO  o.a.m.s.f.DefaultMavenResourcesFiltering - Copying 0 resource from src\main\resources to target\classes
2026-06-29 23:28:57,561 [Worker-10: Building] INFO  o.a.m.s.f.DefaultMavenResourcesFiltering - Copying 0 resource from src\test\resources to target\test-classes
2026-06-29 23:36:55,102 [Worker-8: Building] INFO  o.a.m.s.f.DefaultMavenResourcesFiltering - Copying 0 resource from src\main\resources to target\classes
2026-06-29 23:36:55,107 [Worker-8: Building] INFO  o.a.m.s.f.DefaultMavenResourcesFiltering - Copying 0 resource from src\test\resources to target\test-classes
2026-06-29 23:56:17,687 [Worker-10: Building] INFO  o.e.m.c.i.l.LifecycleMappingFactory - Using org.eclipse.m2e.jdt.JarLifecycleMapping lifecycle mapping for MavenProject: in.smartprogramming:MavenFirstProject:0.0.1-SNAPSHOT @ C:\Users\Sarvjeet Singh\Downloads\spring\MavenFirstProject\pom.xml.
2026-06-29 23:56:18,180 [Worker-10: Building] INFO  o.a.m.s.f.DefaultMavenResourcesFiltering - Copying 0 resource from src\main\resources to target\classes
2026-06-29 23:56:18,187 [Worker-10: Building] INFO  o.a.m.s.f.DefaultMavenResourcesFiltering - Copying 0 resource from src\test\resources to target\test-classes
2026-06-29 23:56:19,424 [Worker-19: Building] INFO  o.a.m.s.f.DefaultMavenResourcesFiltering - Copying 0 resource from src\main\resources to target\classes
2026-06-29 23:56:19,433 [Worker-19: Building] INFO  o.a.m.s.f.DefaultMavenResourcesFiltering - Copying 0 resource from src\test\resources to target\test-classes
2026-06-29 23:56:27,959 [Worker-19: Updating Maven Project] INFO  o.e.m.c.i.p.ProjectConfigurationManager - Update started
2026-06-29 23:56:28,244 [Worker-19: Updating Maven Project] INFO  o.e.m.c.i.l.LifecycleMappingFactory - Using org.eclipse.m2e.jdt.JarLifecycleMapping lifecycle mapping for MavenProject: in.smartprogramming:MavenFirstProject:0.0.1-SNAPSHOT @ C:\Users\Sarvjeet Singh\Downloads\spring\MavenFirstProject\pom.xml.
2026-06-29 23:56:28,517 [Worker-19: Updating Maven Project] INFO  o.e.m.j.i.AbstractJavaProjectConfigurator - Adding source folder /MavenFirstProject/src/main/java
2026-06-29 23:56:28,519 [Worker-19: Updating Maven Project] INFO  o.e.m.j.i.AbstractJavaProjectConfigurator - Adding resource folder /MavenFirstProject/src/main/resources
2026-06-29 23:56:28,527 [Worker-19: Updating Maven Project] INFO  o.e.m.j.i.AbstractJavaProjectConfigurator - Adding source folder /MavenFirstProject/src/test/java
2026-06-29 23:56:28,528 [Worker-19: Updating Maven Project] INFO  o.e.m.j.i.AbstractJavaProjectConfigurator - Adding resource folder /MavenFirstProject/src/test/resources
2026-06-29 23:56:28,900 [Worker-19: Updating Maven Project] INFO  o.e.m.c.i.p.ProjectConfigurationManager - Update completed for 1 poms: local refresh takes 0.00 sec, refresh facades takes 0.00 sec, update config takes 0.00 sec 
2026-06-29 23:56:29,203 [Worker-19: Building] INFO  o.a.m.s.f.DefaultMavenResourcesFiltering - Copying 0 resource from src\main\resources to target\classes
2026-06-29 23:56:29,218 [Worker-19: Building] INFO  o.a.m.s.f.DefaultMavenResourcesFiltering - Copying 0 resource from src\test\resources to target\test-classes
2026-06-30 00:01:17,641 [Worker-10: Launching App] INFO  o.a.m.s.f.DefaultMavenResourcesFiltering - Copying 0 resource from src\main\resources to target\classes
2026-06-30 00:01:17,645 [Worker-10: Launching App] INFO  o.a.m.s.f.DefaultMavenResourcesFiltering - Copying 0 resource from src\test\resources to target\test-classes
2026-06-30 18:22:18,754 [Worker-3: Loading available Gradle versions] INFO  o.e.b.c.i.u.g.PublishedGradleVersions - Gradle version information cache is up-to-date. Trying to read.
2026-06-30 18:23:51,414 [Worker-7: Launching mavenrun-734ed74b-510a-4199-83e1-c12530550f80] INFO  o.eclipse.m2e.core.internal.Bundles - getClasspathEntries(Bundle=org.eclipse.m2e.maven.runtime_3.9.900.20240824-1409 [643])
2026-06-30 18:23:51,417 [Worker-7: Launching mavenrun-734ed74b-510a-4199-83e1-c12530550f80] INFO  o.eclipse.m2e.core.internal.Bundles - 	Entry: D:\latest\Eclipse\eclipse-jee-2024-09-R-win32-x86_64\eclipse\plugins\org.eclipse.m2e.maven.runtime_3.9.900.20240824-1409
2026-06-30 18:23:51,417 [Worker-7: Launching mavenrun-734ed74b-510a-4199-83e1-c12530550f80] INFO  o.eclipse.m2e.core.internal.Bundles - 	Entry: D:\latest\Eclipse\eclipse-jee-2024-09-R-win32-x86_64\eclipse\plugins\org.eclipse.m2e.maven.runtime_3.9.900.20240824-1409\jars\aopalliance-1.0.jar
2026-06-30 18:23:51,418 [Worker-7: Launching mavenrun-734ed74b-510a-4199-83e1-c12530550f80] INFO  o.eclipse.m2e.core.internal.Bundles - 	Entry: D:\latest\Eclipse\eclipse-jee-2024-09-R-win32-x86_64\eclipse\plugins\org.eclipse.m2e.maven.runtime_3.9.900.20240824-1409\jars\guice-5.1.0.jar
2026-06-30 18:23:51,418 [Worker-7: Launching mavenrun-734ed74b-510a-4199-83e1-c12530550f80] INFO  o.eclipse.m2e.core.internal.Bundles - 	Entry: D:\latest\Eclipse\eclipse-jee-2024-09-R-win32-x86_64\eclipse\plugins\org.eclipse.m2e.maven.runtime_3.9.900.20240824-1409\jars\httpclient-4.5.14.jar
2026-06-30 18:23:51,418 [Worker-7: Launching mavenrun-734ed74b-510a-4199-83e1-c12530550f80] INFO  o.eclipse.m2e.core.internal.Bundles - 	Entry: D:\latest\Eclipse\eclipse-jee-2024-09-R-win32-x86_64\eclipse\plugins\org.eclipse.m2e.maven.runtime_3.9.900.20240824-1409\jars\httpcore-4.4.16.jar
2026-06-30 18:23:51,418 [Worker-7: Launching mavenrun-734ed74b-510a-4199-83e1-c12530550f80] INFO  o.eclipse.m2e.core.internal.Bundles - 	Entry: D:\latest\Eclipse\eclipse-jee-2024-09-R-win32-x86_64\eclipse\plugins\org.eclipse.m2e.maven.runtime_3.9.900.20240824-1409\jars\jansi-2.4.1.jar
2026-06-30 18:23:51,418 [Worker-7: Launching mavenrun-734ed74b-510a-4199-83e1-c12530550f80] INFO  o.eclipse.m2e.core.internal.Bundles - 	Entry: D:\latest\Eclipse\eclipse-jee-2024-09-R-win32-x86_64\eclipse\plugins\org.eclipse.m2e.maven.runtime_3.9.900.20240824-1409\jars\jcl-over-slf4j-1.7.36.jar
2026-06-30 18:23:51,418 [Worker-7: Launching mavenrun-734ed74b-510a-4199-83e1-c12530550f80] INFO  o.eclipse.m2e.core.internal.Bundles - 	Entry: D:\latest\Eclipse\eclipse-jee-2024-09-R-win32-x86_64\eclipse\plugins\org.eclipse.m2e.maven.runtime_3.9.900.20240824-1409\jars\maven-artifact-3.9.9.jar
2026-06-30 18:23:51,418 [Worker-7: Launching mavenrun-734ed74b-510a-4199-83e1-c12530550f80] INFO  o.eclipse.m2e.core.internal.Bundles - 	Entry: D:\latest\Eclipse\eclipse-jee-2024-09-R-win32-x86_64\eclipse\plugins\org.eclipse.m2e.maven.runtime_3.9.900.20240824-1409\jars\maven-builder-support-3.9.9.jar
2026-06-30 18:23:51,418 [Worker-7: Launching mavenrun-734ed74b-510a-4199-83e1-c12530550f80] INFO  o.eclipse.m2e.core.internal.Bundles - 	Entry: D:\latest\Eclipse\eclipse-jee-2024-09-R-win32-x86_64\eclipse\plugins\org.eclipse.m2e.maven.runtime_3.9.900.20240824-1409\jars\maven-compat-3.9.9.jar
2026-06-30 18:23:51,418 [Worker-7: Launching mavenrun-734ed74b-510a-4199-83e1-c12530550f80] INFO  o.eclipse.m2e.core.internal.Bundles - 	Entry: D:\latest\Eclipse\eclipse-jee-2024-09-R-win32-x86_64\eclipse\plugins\org.eclipse.m2e.maven.runtime_3.9.900.20240824-1409\jars\maven-core-3.9.9.jar
2026-06-30 18:23:51,418 [Worker-7: Launching mavenrun-734ed74b-510a-4199-83e1-c12530550f80] INFO  o.eclipse.m2e.core.internal.Bundles - 	Entry: D:\latest\Eclipse\eclipse-jee-2024-09-R-win32-x86_64\eclipse\plugins\org.eclipse.m2e.maven.runtime_3.9.900.20240824-1409\jars\maven-embedder-3.9.9.jar
2026-06-30 18:23:51,418 [Worker-7: Launching mavenrun-734ed74b-510a-4199-83e1-c12530550f80] INFO  o.eclipse.m2e.core.internal.Bundles - 	Entry: D:\latest\Eclipse\eclipse-jee-2024-09-R-win32-x86_64\eclipse\plugins\org.eclipse.m2e.maven.runtime_3.9.900.20240824-1409\jars\maven-model-3.9.9.jar
2026-06-30 18:23:51,418 [Worker-7: Launching mavenrun-734ed74b-510a-4199-83e1-c12530550f80] INFO  o.eclipse.m2e.core.internal.Bundles - 	Entry: D:\latest\Eclipse\eclipse-jee-2024-09-R-win32-x86_64\eclipse\plugins\org.eclipse.m2e.maven.runtime_3.9.900.20240824-1409\jars\maven-model-builder-3.9.9.jar
2026-06-30 18:23:51,418 [Worker-7: Launching mavenrun-734ed74b-510a-4199-83e1-c12530550f80] INFO  o.eclipse.m2e.core.internal.Bundles - 	Entry: D:\latest\Eclipse\eclipse-jee-2024-09-R-win32-x86_64\eclipse\plugins\org.eclipse.m2e.maven.runtime_3.9.900.20240824-1409\jars\maven-plugin-api-3.9.9.jar
2026-06-30 18:23:51,418 [Worker-7: Launching mavenrun-734ed74b-510a-4199-83e1-c12530550f80] INFO  o.eclipse.m2e.core.internal.Bundles - 	Entry: D:\latest\Eclipse\eclipse-jee-2024-09-R-win32-x86_64\eclipse\plugins\org.eclipse.m2e.maven.runtime_3.9.900.20240824-1409\jars\maven-repository-metadata-3.9.9.jar
2026-06-30 18:23:51,419 [Worker-7: Launching mavenrun-734ed74b-510a-4199-83e1-c12530550f80] INFO  o.eclipse.m2e.core.internal.Bundles - 	Entry: D:\latest\Eclipse\eclipse-jee-2024-09-R-win32-x86_64\eclipse\plugins\org.eclipse.m2e.maven.runtime_3.9.900.20240824-1409\jars\maven-resolver-api-1.9.22.jar
2026-06-30 18:23:51,419 [Worker-7: Launching mavenrun-734ed74b-510a-4199-83e1-c12530550f80] INFO  o.eclipse.m2e.core.internal.Bundles - 	Entry: D:\latest\Eclipse\eclipse-jee-2024-09-R-win32-x86_64\eclipse\plugins\org.eclipse.m2e.maven.runtime_3.9.900.20240824-1409\jars\maven-resolver-connector-basic-1.9.22.jar
2026-06-30 18:23:51,419 [Worker-7: Launching mavenrun-734ed74b-510a-4199-83e1-c12530550f80] INFO  o.eclipse.m2e.core.internal.Bundles - 	Entry: D:\latest\Eclipse\eclipse-jee-2024-09-R-win32-x86_64\eclipse\plugins\org.eclipse.m2e.maven.runtime_3.9.900.20240824-1409\jars\maven-resolver-impl-1.9.22.jar
2026-06-30 18:23:51,419 [Worker-7: Launching mavenrun-734ed74b-510a-4199-83e1-c12530550f80] INFO  o.eclipse.m2e.core.internal.Bundles - 	Entry: D:\latest\Eclipse\eclipse-jee-2024-09-R-win32-x86_64\eclipse\plugins\org.eclipse.m2e.maven.runtime_3.9.900.20240824-1409\jars\maven-resolver-named-locks-1.9.22.jar
2026-06-30 18:23:51,419 [Worker-7: Launching mavenrun-734ed74b-510a-4199-83e1-c12530550f80] INFO  o.eclipse.m2e.core.internal.Bundles - 	Entry: D:\latest\Eclipse\eclipse-jee-2024-09-R-win32-x86_64\eclipse\plugins\org.eclipse.m2e.maven.runtime_3.9.900.20240824-1409\jars\maven-resolver-provider-3.9.9.jar
2026-06-30 18:23:51,419 [Worker-7: Launching mavenrun-734ed74b-510a-4199-83e1-c12530550f80] INFO  o.eclipse.m2e.core.internal.Bundles - 	Entry: D:\latest\Eclipse\eclipse-jee-2024-09-R-win32-x86_64\eclipse\plugins\org.eclipse.m2e.maven.runtime_3.9.900.20240824-1409\jars\maven-resolver-spi-1.9.22.jar
2026-06-30 18:23:51,419 [Worker-7: Launching mavenrun-734ed74b-510a-4199-83e1-c12530550f80] INFO  o.eclipse.m2e.core.internal.Bundles - 	Entry: D:\latest\Eclipse\eclipse-jee-2024-09-R-win32-x86_64\eclipse\plugins\org.eclipse.m2e.maven.runtime_3.9.900.20240824-1409\jars\maven-resolver-transport-file-1.9.22.jar
2026-06-30 18:23:51,419 [Worker-7: Launching mavenrun-734ed74b-510a-4199-83e1-c12530550f80] INFO  o.eclipse.m2e.core.internal.Bundles - 	Entry: D:\latest\Eclipse\eclipse-jee-2024-09-R-win32-x86_64\eclipse\plugins\org.eclipse.m2e.maven.runtime_3.9.900.20240824-1409\jars\maven-resolver-transport-http-1.9.22.jar
2026-06-30 18:23:51,419 [Worker-7: Launching mavenrun-734ed74b-510a-4199-83e1-c12530550f80] INFO  o.eclipse.m2e.core.internal.Bundles - 	Entry: D:\latest\Eclipse\eclipse-jee-2024-09-R-win32-x86_64\eclipse\plugins\org.eclipse.m2e.maven.runtime_3.9.900.20240824-1409\jars\maven-resolver-transport-wagon-1.9.22.jar
2026-06-30 18:23:51,419 [Worker-7: Launching mavenrun-734ed74b-510a-4199-83e1-c12530550f80] INFO  o.eclipse.m2e.core.internal.Bundles - 	Entry: D:\latest\Eclipse\eclipse-jee-2024-09-R-win32-x86_64\eclipse\plugins\org.eclipse.m2e.maven.runtime_3.9.900.20240824-1409\jars\maven-resolver-util-1.9.22.jar
2026-06-30 18:23:51,419 [Worker-7: Launching mavenrun-734ed74b-510a-4199-83e1-c12530550f80] INFO  o.eclipse.m2e.core.internal.Bundles - 	Entry: D:\latest\Eclipse\eclipse-jee-2024-09-R-win32-x86_64\eclipse\plugins\org.eclipse.m2e.maven.runtime_3.9.900.20240824-1409\jars\maven-settings-3.9.9.jar
2026-06-30 18:23:51,419 [Worker-7: Launching mavenrun-734ed74b-510a-4199-83e1-c12530550f80] INFO  o.eclipse.m2e.core.internal.Bundles - 	Entry: D:\latest\Eclipse\eclipse-jee-2024-09-R-win32-x86_64\eclipse\plugins\org.eclipse.m2e.maven.runtime_3.9.900.20240824-1409\jars\maven-settings-builder-3.9.9.jar
2026-06-30 18:23:51,419 [Worker-7: Launching mavenrun-734ed74b-510a-4199-83e1-c12530550f80] INFO  o.eclipse.m2e.core.internal.Bundles - 	Entry: D:\latest\Eclipse\eclipse-jee-2024-09-R-win32-x86_64\eclipse\plugins\org.eclipse.m2e.maven.runtime_3.9.900.20240824-1409\jars\maven-shared-utils-3.4.2.jar
2026-06-30 18:23:51,419 [Worker-7: Launching mavenrun-734ed74b-510a-4199-83e1-c12530550f80] INFO  o.eclipse.m2e.core.internal.Bundles - 	Entry: D:\latest\Eclipse\eclipse-jee-2024-09-R-win32-x86_64\eclipse\plugins\org.eclipse.m2e.maven.runtime_3.9.900.20240824-1409\jars\org.eclipse.sisu.inject-0.9.0.M3.jar
2026-06-30 18:23:51,419 [Worker-7: Launching mavenrun-734ed74b-510a-4199-83e1-c12530550f80] INFO  o.eclipse.m2e.core.internal.Bundles - 	Entry: D:\latest\Eclipse\eclipse-jee-2024-09-R-win32-x86_64\eclipse\plugins\org.eclipse.m2e.maven.runtime_3.9.900.20240824-1409\jars\org.eclipse.sisu.plexus-0.9.0.M3.jar
2026-06-30 18:23:51,419 [Worker-7: Launching mavenrun-734ed74b-510a-4199-83e1-c12530550f80] INFO  o.eclipse.m2e.core.internal.Bundles - 	Entry: D:\latest\Eclipse\eclipse-jee-2024-09-R-win32-x86_64\eclipse\plugins\org.eclipse.m2e.maven.runtime_3.9.900.20240824-1409\jars\plexus-build-api-0.0.7.jar
2026-06-30 18:23:51,420 [Worker-7: Launching mavenrun-734ed74b-510a-4199-83e1-c12530550f80] INFO  o.eclipse.m2e.core.internal.Bundles - 	Entry: D:\latest\Eclipse\eclipse-jee-2024-09-R-win32-x86_64\eclipse\plugins\org.eclipse.m2e.maven.runtime_3.9.900.20240824-1409\jars\plexus-build-api-1.2.0.jar
2026-06-30 18:23:51,420 [Worker-7: Launching mavenrun-734ed74b-510a-4199-83e1-c12530550f80] INFO  o.eclipse.m2e.core.internal.Bundles - 	Entry: D:\latest\Eclipse\eclipse-jee-2024-09-R-win32-x86_64\eclipse\plugins\org.eclipse.m2e.maven.runtime_3.9.900.20240824-1409\jars\plexus-cipher-2.0.jar
2026-06-30 18:23:51,420 [Worker-7: Launching mavenrun-734ed74b-510a-4199-83e1-c12530550f80] INFO  o.eclipse.m2e.core.internal.Bundles - 	Entry: D:\latest\Eclipse\eclipse-jee-2024-09-R-win32-x86_64\eclipse\plugins\org.eclipse.m2e.maven.runtime_3.9.900.20240824-1409\jars\plexus-classworlds-2.8.0.jar
2026-06-30 18:23:51,420 [Worker-7: Launching mavenrun-734ed74b-510a-4199-83e1-c12530550f80] INFO  o.eclipse.m2e.core.internal.Bundles - 	Entry: D:\latest\Eclipse\eclipse-jee-2024-09-R-win32-x86_64\eclipse\plugins\org.eclipse.m2e.maven.runtime_3.9.900.20240824-1409\jars\plexus-component-annotations-2.1.0.jar
2026-06-30 18:23:51,420 [Worker-7: Launching mavenrun-734ed74b-510a-4199-83e1-c12530550f80] INFO  o.eclipse.m2e.core.internal.Bundles - 	Entry: D:\latest\Eclipse\eclipse-jee-2024-09-R-win32-x86_64\eclipse\plugins\org.eclipse.m2e.maven.runtime_3.9.900.20240824-1409\jars\plexus-interpolation-1.27.jar
2026-06-30 18:23:51,420 [Worker-7: Launching mavenrun-734ed74b-510a-4199-83e1-c12530550f80] INFO  o.eclipse.m2e.core.internal.Bundles - 	Entry: D:\latest\Eclipse\eclipse-jee-2024-09-R-win32-x86_64\eclipse\plugins\org.eclipse.m2e.maven.runtime_3.9.900.20240824-1409\jars\plexus-sec-dispatcher-2.0.jar
2026-06-30 18:23:51,420 [Worker-7: Launching mavenrun-734ed74b-510a-4199-83e1-c12530550f80] INFO  o.eclipse.m2e.core.internal.Bundles - 	Entry: D:\latest\Eclipse\eclipse-jee-2024-09-R-win32-x86_64\eclipse\plugins\org.eclipse.m2e.maven.runtime_3.9.900.20240824-1409\jars\plexus-utils-3.5.1.jar
2026-06-30 18:23:51,420 [Worker-7: Launching mavenrun-734ed74b-510a-4199-83e1-c12530550f80] INFO  o.eclipse.m2e.core.internal.Bundles - 	Entry: D:\latest\Eclipse\eclipse-jee-2024-09-R-win32-x86_64\eclipse\plugins\org.eclipse.m2e.maven.runtime_3.9.900.20240824-1409\jars\plexus-xml-3.0.1.jar
2026-06-30 18:23:51,420 [Worker-7: Launching mavenrun-734ed74b-510a-4199-83e1-c12530550f80] INFO  o.eclipse.m2e.core.internal.Bundles - 	Entry: D:\latest\Eclipse\eclipse-jee-2024-09-R-win32-x86_64\eclipse\plugins\org.eclipse.m2e.maven.runtime_3.9.900.20240824-1409\jars\wagon-file-3.5.3.jar
2026-06-30 18:23:51,420 [Worker-7: Launching mavenrun-734ed74b-510a-4199-83e1-c12530550f80] INFO  o.eclipse.m2e.core.internal.Bundles - 	Entry: D:\latest\Eclipse\eclipse-jee-2024-09-R-win32-x86_64\eclipse\plugins\org.eclipse.m2e.maven.runtime_3.9.900.20240824-1409\jars\wagon-http-3.5.3.jar
2026-06-30 18:23:51,420 [Worker-7: Launching mavenrun-734ed74b-510a-4199-83e1-c12530550f80] INFO  o.eclipse.m2e.core.internal.Bundles - 	Entry: D:\latest\Eclipse\eclipse-jee-2024-09-R-win32-x86_64\eclipse\plugins\org.eclipse.m2e.maven.runtime_3.9.900.20240824-1409\jars\wagon-http-shared-3.5.3.jar
2026-06-30 18:23:51,420 [Worker-7: Launching mavenrun-734ed74b-510a-4199-83e1-c12530550f80] INFO  o.eclipse.m2e.core.internal.Bundles - 	Entry: D:\latest\Eclipse\eclipse-jee-2024-09-R-win32-x86_64\eclipse\plugins\org.eclipse.m2e.maven.runtime_3.9.900.20240824-1409\jars\wagon-provider-api-3.5.3.jar
2026-06-30 18:23:51,422 [Worker-7: Launching mavenrun-734ed74b-510a-4199-83e1-c12530550f80] INFO  o.eclipse.m2e.core.internal.Bundles - getClasspathEntries(Bundle=com.google.guava_33.3.0.jre [16])
2026-06-30 18:23:51,422 [Worker-7: Launching mavenrun-734ed74b-510a-4199-83e1-c12530550f80] INFO  o.eclipse.m2e.core.internal.Bundles - 	Entry: D:\latest\Eclipse\eclipse-jee-2024-09-R-win32-x86_64\eclipse\plugins\com.google.guava_33.3.0.jre.jar
2026-06-30 18:23:51,422 [Worker-7: Launching mavenrun-734ed74b-510a-4199-83e1-c12530550f80] INFO  o.eclipse.m2e.core.internal.Bundles - getClasspathEntries(Bundle=slf4j.api_2.0.17 [1107])
2026-06-30 18:23:51,422 [Worker-7: Launching mavenrun-734ed74b-510a-4199-83e1-c12530550f80] INFO  o.eclipse.m2e.core.internal.Bundles - 	Entry: D:\latest\Eclipse\eclipse-jee-2024-09-R-win32-x86_64\eclipse\plugins\slf4j.api_2.0.17.jar
2026-06-30 18:23:51,422 [Worker-7: Launching mavenrun-734ed74b-510a-4199-83e1-c12530550f80] INFO  o.eclipse.m2e.core.internal.Bundles - getClasspathEntries(Bundle=javax.inject_1.0.0.v20220405-0441 [1028])
2026-06-30 18:23:51,423 [Worker-7: Launching mavenrun-734ed74b-510a-4199-83e1-c12530550f80] INFO  o.eclipse.m2e.core.internal.Bundles - 	Entry: D:\latest\Eclipse\eclipse-jee-2024-09-R-win32-x86_64\eclipse\plugins\javax.inject_1.0.0.v20220405-0441.jar
2026-06-30 18:23:51,423 [Worker-7: Launching mavenrun-734ed74b-510a-4199-83e1-c12530550f80] INFO  o.eclipse.m2e.core.internal.Bundles - getClasspathEntries(Bundle=javax.annotation_1.3.5.v20230504-0748 [1027])
2026-06-30 18:23:51,423 [Worker-7: Launching mavenrun-734ed74b-510a-4199-83e1-c12530550f80] INFO  o.eclipse.m2e.core.internal.Bundles - 	Entry: D:\latest\Eclipse\eclipse-jee-2024-09-R-win32-x86_64\eclipse\plugins\javax.annotation_1.3.5.v20230504-0748.jar
2026-06-30 18:23:51,423 [Worker-7: Launching mavenrun-734ed74b-510a-4199-83e1-c12530550f80] INFO  o.eclipse.m2e.core.internal.Bundles - getClasspathEntries(Bundle=org.apache.commons.cli_1.9.0 [78])
2026-06-30 18:23:51,423 [Worker-7: Launching mavenrun-734ed74b-510a-4199-83e1-c12530550f80] INFO  o.eclipse.m2e.core.internal.Bundles - 	Entry: D:\latest\Eclipse\eclipse-jee-2024-09-R-win32-x86_64\eclipse\plugins\org.apache.commons.cli_1.9.0.jar
2026-06-30 18:23:51,423 [Worker-7: Launching mavenrun-734ed74b-510a-4199-83e1-c12530550f80] INFO  o.eclipse.m2e.core.internal.Bundles - getClasspathEntries(Bundle=org.apache.commons.commons-codec_1.16.0 [81])
2026-06-30 18:23:51,423 [Worker-7: Launching mavenrun-734ed74b-510a-4199-83e1-c12530550f80] INFO  o.eclipse.m2e.core.internal.Bundles - 	Entry: D:\latest\Eclipse\eclipse-jee-2024-09-R-win32-x86_64\eclipse\plugins\org.apache.commons.commons-codec_1.16.0.jar
2026-06-30 18:23:51,423 [Worker-7: Launching mavenrun-734ed74b-510a-4199-83e1-c12530550f80] INFO  o.eclipse.m2e.core.internal.Bundles - getClasspathEntries(Bundle=com.google.guava.failureaccess_1.0.2 [17])
2026-06-30 18:23:51,423 [Worker-7: Launching mavenrun-734ed74b-510a-4199-83e1-c12530550f80] INFO  o.eclipse.m2e.core.internal.Bundles - 	Entry: D:\latest\Eclipse\eclipse-jee-2024-09-R-win32-x86_64\eclipse\plugins\com.google.guava.failureaccess_1.0.2.jar
2026-06-30 18:23:51,427 [Worker-7: Launching mavenrun-734ed74b-510a-4199-83e1-c12530550f80] INFO  o.e.m.i.launch.MavenLaunchDelegate - Run build in "C:\Users\SARVJE~1\AppData\Local\Temp\m2e-archetypeGenerator1581427377708862318":
2026-06-30 18:23:51,457 [Worker-7: Launching mavenrun-734ed74b-510a-4199-83e1-c12530550f80] INFO  o.e.m.i.launch.MavenLaunchDelegate -  mvn  -DarchetypeGroupId=org.apache.maven.archetypes -DarchetypeArtifactId=maven-archetype-quickstart -DarchetypeVersion=1.1 -DgroupId=in.smartprogramming -DartifactId=springJdbcCRUDOperations -Dversion=0.0.1-SNAPSHOT -Dpackage=in.sp.main -DoutputDirectory="C:\Users\Sarvjeet Singh\Downloads\spring" -Dstyle.color=always -U archetype:generate
2026-06-30 18:24:45,356 [Worker-10: Creating maven-archetype-quickstart] INFO  o.e.m.c.i.p.ProjectConfigurationManager - Collecting project info '/pom.xml' C:\Users\Sarvjeet Singh\Downloads\spring\springJdbcCRUDOperations\pom.xml
2026-06-30 18:24:47,736 [Worker-10: Creating maven-archetype-quickstart] INFO  o.e.m.c.i.l.LifecycleMappingFactory - Using org.eclipse.m2e.jdt.JarLifecycleMapping lifecycle mapping for MavenProject: in.smartprogramming:springJdbcCRUDOperations:0.0.1-SNAPSHOT @ C:\Users\Sarvjeet Singh\Downloads\spring\springJdbcCRUDOperations\pom.xml.
2026-06-30 18:24:49,442 [Worker-10: Creating maven-archetype-quickstart] INFO  o.e.m.j.i.AbstractJavaProjectConfigurator - Adding source folder /springJdbcCRUDOperations/src/main/java
2026-06-30 18:24:49,444 [Worker-10: Creating maven-archetype-quickstart] INFO  o.e.m.j.i.AbstractJavaProjectConfigurator - Adding resource folder /springJdbcCRUDOperations/src/main/resources
2026-06-30 18:24:49,453 [Worker-10: Creating maven-archetype-quickstart] INFO  o.e.m.j.i.AbstractJavaProjectConfigurator - Adding source folder /springJdbcCRUDOperations/src/test/java
2026-06-30 18:24:49,454 [Worker-10: Creating maven-archetype-quickstart] INFO  o.e.m.j.i.AbstractJavaProjectConfigurator - Adding resource folder /springJdbcCRUDOperations/src/test/resources
2026-06-30 18:24:49,606 [Worker-10: Creating maven-archetype-quickstart] INFO  o.e.m.c.i.p.ProjectConfigurationManager - Imported and configured 1 project(s) in 4 sec
2026-06-30 18:24:50,083 [Worker-3: Building] INFO  o.a.m.s.f.DefaultMavenResourcesFiltering - skip non existing resourceDirectory C:\Users\Sarvjeet Singh\Downloads\spring\springJdbcCRUDOperations\src\main\resources
2026-06-30 18:24:50,088 [Worker-3: Building] INFO  o.a.m.s.f.DefaultMavenResourcesFiltering - skip non existing resourceDirectory C:\Users\Sarvjeet Singh\Downloads\spring\springJdbcCRUDOperations\src\test\resources
2026-06-30 18:25:17,280 [Worker-1: Building] INFO  o.a.m.s.f.DefaultMavenResourcesFiltering - Copying 0 resource from src\main\resources to target\classes
2026-06-30 18:25:17,284 [Worker-1: Building] INFO  o.a.m.s.f.DefaultMavenResourcesFiltering - Copying 0 resource from src\test\resources to target\test-classes
2026-06-30 18:28:33,424 [Worker-10: Updating Maven Project] INFO  o.e.m.c.i.p.ProjectConfigurationManager - Update started
2026-06-30 18:28:33,719 [Worker-10: Updating Maven Project] INFO  o.e.m.c.i.l.LifecycleMappingFactory - Using org.eclipse.m2e.jdt.JarLifecycleMapping lifecycle mapping for MavenProject: in.smartprogramming:springJdbcCRUDOperations:0.0.1-SNAPSHOT @ C:\Users\Sarvjeet Singh\Downloads\spring\springJdbcCRUDOperations\pom.xml.
2026-06-30 18:28:33,847 [Worker-10: Updating Maven Project] INFO  o.e.m.j.i.AbstractJavaProjectConfigurator - Adding source folder /springJdbcCRUDOperations/src/main/java
2026-06-30 18:28:33,848 [Worker-10: Updating Maven Project] INFO  o.e.m.j.i.AbstractJavaProjectConfigurator - Adding resource folder /springJdbcCRUDOperations/src/main/resources
2026-06-30 18:28:33,858 [Worker-10: Updating Maven Project] INFO  o.e.m.j.i.AbstractJavaProjectConfigurator - Adding source folder /springJdbcCRUDOperations/src/test/java
2026-06-30 18:28:33,859 [Worker-10: Updating Maven Project] INFO  o.e.m.j.i.AbstractJavaProjectConfigurator - Adding resource folder /springJdbcCRUDOperations/src/test/resources
2026-06-30 18:28:34,007 [Worker-10: Updating Maven Project] INFO  o.e.m.c.i.p.ProjectConfigurationManager - Update completed for 1 poms: local refresh takes 0.00 sec, refresh facades takes 0.00 sec, update config takes 0.00 sec 
2026-06-30 18:28:34,186 [Worker-12: Building] INFO  o.a.m.s.f.DefaultMavenResourcesFiltering - Copying 0 resource from src\main\resources to target\classes
2026-06-30 18:28:34,190 [Worker-12: Building] INFO  o.a.m.s.f.DefaultMavenResourcesFiltering - Copying 0 resource from src\test\resources to target\test-classes
2026-06-30 18:28:44,954 [Worker-12: Building] INFO  o.e.m.c.i.l.LifecycleMappingFactory - Using org.eclipse.m2e.jdt.JarLifecycleMapping lifecycle mapping for MavenProject: in.smartprogramming:springJdbcCRUDOperations:0.0.1-SNAPSHOT @ C:\Users\Sarvjeet Singh\Downloads\spring\springJdbcCRUDOperations\pom.xml.
2026-06-30 18:28:45,269 [Worker-12: Building] INFO  o.e.m.c.i.e.AbstractTransferListenerAdapter - Downloading https://repo.maven.apache.org/maven2/org/springframework/spring-jdbc/7.0.7/spring-jdbc-7.0.7.pom
2026-06-30 18:28:45,321 [Worker-12: Building] INFO  o.e.m.c.i.e.AbstractTransferListenerAdapter - Downloaded https://repo.maven.apache.org/maven2/org/springframework/spring-jdbc/7.0.7/spring-jdbc-7.0.7.pom
2026-06-30 18:28:45,390 [Worker-12: Building] INFO  o.e.m.c.i.e.AbstractTransferListenerAdapter - Downloading https://repo.maven.apache.org/maven2/org/springframework/spring-tx/7.0.7/spring-tx-7.0.7.pom
2026-06-30 18:28:45,417 [Worker-12: Building] INFO  o.e.m.c.i.e.AbstractTransferListenerAdapter - Downloaded https://repo.maven.apache.org/maven2/org/springframework/spring-tx/7.0.7/spring-tx-7.0.7.pom
2026-06-30 18:28:45,538 [Worker-12: Building] INFO  o.e.m.c.i.e.AbstractTransferListenerAdapter - Downloading https://repo.maven.apache.org/maven2/org/springframework/spring-jdbc/7.0.7/spring-jdbc-7.0.7.jar
2026-06-30 18:28:45,685 [Worker-12: Building] INFO  o.e.m.c.i.e.AbstractTransferListenerAdapter - Downloaded https://repo.maven.apache.org/maven2/org/springframework/spring-jdbc/7.0.7/spring-jdbc-7.0.7.jar
2026-06-30 18:28:45,750 [BasicRepositoryConnector-repo.maven.apache.org-0-0] INFO  o.e.m.c.i.e.AbstractTransferListenerAdapter - Downloading https://repo.maven.apache.org/maven2/org/springframework/spring-tx/7.0.7/spring-tx-7.0.7.jar
2026-06-30 18:28:45,800 [BasicRepositoryConnector-repo.maven.apache.org-0-0] INFO  o.e.m.c.i.e.AbstractTransferListenerAdapter - Downloaded https://repo.maven.apache.org/maven2/org/springframework/spring-tx/7.0.7/spring-tx-7.0.7.jar
2026-06-30 18:28:45,996 [Worker-12: Building] INFO  o.a.m.s.f.DefaultMavenResourcesFiltering - Copying 0 resource from src\main\resources to target\classes
2026-06-30 18:28:46,000 [Worker-12: Building] INFO  o.a.m.s.f.DefaultMavenResourcesFiltering - Copying 0 resource from src\test\resources to target\test-classes
2026-06-30 18:28:46,909 [Worker-14: Building] INFO  o.a.m.s.f.DefaultMavenResourcesFiltering - Copying 0 resource from src\main\resources to target\classes
2026-06-30 18:28:46,913 [Worker-14: Building] INFO  o.a.m.s.f.DefaultMavenResourcesFiltering - Copying 0 resource from src\test\resources to target\test-classes
2026-06-30 18:28:47,061 [Worker-13: Download sources and javadoc] INFO  o.e.m.c.i.e.AbstractTransferListenerAdapter - Downloading https://repo.maven.apache.org/maven2/org/springframework/spring-jdbc/7.0.7/spring-jdbc-7.0.7-sources.jar
2026-06-30 18:28:47,261 [Worker-13: Download sources and javadoc] INFO  o.e.m.c.i.e.AbstractTransferListenerAdapter - Downloaded https://repo.maven.apache.org/maven2/org/springframework/spring-jdbc/7.0.7/spring-jdbc-7.0.7-sources.jar
2026-06-30 18:28:47,267 [Worker-13: Download sources and javadoc] INFO  o.e.m.j.internal.DownloadSourcesJob - Downloaded sources for org.springframework:spring-jdbc:7.0.7
2026-06-30 18:28:47,416 [Worker-13: Download sources and javadoc] INFO  o.e.m.c.i.e.AbstractTransferListenerAdapter - Downloading https://repo.maven.apache.org/maven2/org/springframework/spring-tx/7.0.7/spring-tx-7.0.7-sources.jar
2026-06-30 18:28:47,564 [Worker-13: Download sources and javadoc] INFO  o.e.m.c.i.e.AbstractTransferListenerAdapter - Downloaded https://repo.maven.apache.org/maven2/org/springframework/spring-tx/7.0.7/spring-tx-7.0.7-sources.jar
2026-06-30 18:28:47,582 [Worker-13: Download sources and javadoc] INFO  o.e.m.j.internal.DownloadSourcesJob - Downloaded sources for org.springframework:spring-tx:7.0.7
2026-06-30 18:29:42,242 [Worker-14: Building] INFO  o.a.m.s.f.DefaultMavenResourcesFiltering - Copying 0 resource from src\main\resources to target\classes
2026-06-30 18:29:42,251 [Worker-14: Building] INFO  o.a.m.s.f.DefaultMavenResourcesFiltering - Copying 0 resource from src\test\resources to target\test-classes
2026-06-30 22:53:25,224 [Worker-38: Building] INFO  o.a.m.s.f.DefaultMavenResourcesFiltering - Copying 0 resource from src\main\resources to target\classes
2026-06-30 22:53:25,233 [Worker-38: Building] INFO  o.a.m.s.f.DefaultMavenResourcesFiltering - Copying 0 resource from src\test\resources to target\test-classes
2026-06-30 23:08:12,049 [Worker-44: Launching App (1)] INFO  o.a.m.s.f.DefaultMavenResourcesFiltering - Copying 0 resource from src\main\resources to target\classes
2026-06-30 23:08:12,053 [Worker-44: Launching App (1)] INFO  o.a.m.s.f.DefaultMavenResourcesFiltering - Copying 0 resource from src\test\resources to target\test-classes
2026-06-30 23:08:45,000 [Worker-42: Launching App (1)] INFO  o.a.m.s.f.DefaultMavenResourcesFiltering - Copying 0 resource from src\main\resources to target\classes
2026-06-30 23:08:45,004 [Worker-42: Launching App (1)] INFO  o.a.m.s.f.DefaultMavenResourcesFiltering - Copying 0 resource from src\test\resources to target\test-classes
2026-06-30 23:09:15,158 [Worker-44: Launching App (1)] INFO  o.a.m.s.f.DefaultMavenResourcesFiltering - Copying 0 resource from src\main\resources to target\classes
2026-06-30 23:09:15,162 [Worker-44: Launching App (1)] INFO  o.a.m.s.f.DefaultMavenResourcesFiltering - Copying 0 resource from src\test\resources to target\test-classes
2026-06-30 23:21:00,384 [Worker-46: Launching App (1)] INFO  o.a.m.s.f.DefaultMavenResourcesFiltering - Copying 0 resource from src\main\resources to target\classes
2026-06-30 23:21:00,386 [Worker-46: Launching App (1)] INFO  o.a.m.s.f.DefaultMavenResourcesFiltering - Copying 0 resource from src\test\resources to target\test-classes
2026-06-30 23:21:57,206 [Worker-48: Launching App (1)] INFO  o.a.m.s.f.DefaultMavenResourcesFiltering - Copying 0 resource from src\main\resources to target\classes
2026-06-30 23:21:57,209 [Worker-48: Launching App (1)] INFO  o.a.m.s.f.DefaultMavenResourcesFiltering - Copying 0 resource from src\test\resources to target\test-classes
2026-06-30 23:23:26,126 [Worker-46: Building] INFO  o.a.m.s.f.DefaultMavenResourcesFiltering - Copying 0 resource from src\main\resources to target\classes
2026-06-30 23:23:26,129 [Worker-46: Building] INFO  o.a.m.s.f.DefaultMavenResourcesFiltering - Copying 0 resource from src\test\resources to target\test-classes
2026-06-30 23:26:32,655 [Worker-50: Building] INFO  o.a.m.s.f.DefaultMavenResourcesFiltering - Copying 0 resource from src\main\resources to target\classes
2026-06-30 23:26:32,658 [Worker-50: Building] INFO  o.a.m.s.f.DefaultMavenResourcesFiltering - Copying 0 resource from src\test\resources to target\test-classes
2026-06-30 23:27:23,833 [Worker-47: Launching App (1)] INFO  o.a.m.s.f.DefaultMavenResourcesFiltering - Copying 0 resource from src\main\resources to target\classes
2026-06-30 23:27:23,837 [Worker-47: Launching App (1)] INFO  o.a.m.s.f.DefaultMavenResourcesFiltering - Copying 0 resource from src\test\resources to target\test-classes
2026-06-30 23:30:04,105 [Worker-52: Building] INFO  o.a.m.s.f.DefaultMavenResourcesFiltering - Copying 0 resource from src\main\resources to target\classes
2026-06-30 23:30:04,109 [Worker-52: Building] INFO  o.a.m.s.f.DefaultMavenResourcesFiltering - Copying 0 resource from src\test\resources to target\test-classes
2026-07-01 00:00:33,484 [Worker-66: Launching App (1)] INFO  o.a.m.s.f.DefaultMavenResourcesFiltering - Copying 0 resource from src\main\resources to target\classes
2026-07-01 00:00:33,488 [Worker-66: Launching App (1)] INFO  o.a.m.s.f.DefaultMavenResourcesFiltering - Copying 0 resource from src\test\resources to target\test-classes
2026-07-01 00:08:25,228 [Worker-68: Launching App (1)] INFO  o.a.m.s.f.DefaultMavenResourcesFiltering - Copying 0 resource from src\main\resources to target\classes
2026-07-01 00:08:25,235 [Worker-68: Launching App (1)] INFO  o.a.m.s.f.DefaultMavenResourcesFiltering - Copying 0 resource from src\test\resources to target\test-classes
2026-07-01 00:28:25,999 [Worker-77: Launching App (1)] INFO  o.a.m.s.f.DefaultMavenResourcesFiltering - Copying 0 resource from src\main\resources to target\classes
2026-07-01 00:28:26,007 [Worker-77: Launching App (1)] INFO  o.a.m.s.f.DefaultMavenResourcesFiltering - Copying 0 resource from src\test\resources to target\test-classes
2026-07-01 00:54:10,469 [Worker-83: Building] INFO  o.a.m.s.f.DefaultMavenResourcesFiltering - Copying 0 resource from src\main\resources to target\classes
2026-07-01 00:54:10,472 [Worker-83: Building] INFO  o.a.m.s.f.DefaultMavenResourcesFiltering - Copying 0 resource from src\test\resources to target\test-classes
2026-07-01 01:19:14,843 [Worker-89: Building] INFO  o.a.m.s.f.DefaultMavenResourcesFiltering - Copying 0 resource from src\main\resources to target\classes
2026-07-01 01:19:14,847 [Worker-89: Building] INFO  o.a.m.s.f.DefaultMavenResourcesFiltering - Copying 0 resource from src\test\resources to target\test-classes
2026-07-01 02:06:38,616 [Worker-87: Launching App (1)] INFO  o.a.m.s.f.DefaultMavenResourcesFiltering - Copying 0 resource from src\main\resources to target\classes
2026-07-01 02:06:38,621 [Worker-87: Launching App (1)] INFO  o.a.m.s.f.DefaultMavenResourcesFiltering - Copying 0 resource from src\test\resources to target\test-classes
2026-07-01 02:07:02,524 [Worker-103: Launching App (1)] INFO  o.a.m.s.f.DefaultMavenResourcesFiltering - Copying 0 resource from src\main\resources to target\classes
2026-07-01 02:07:02,528 [Worker-103: Launching App (1)] INFO  o.a.m.s.f.DefaultMavenResourcesFiltering - Copying 0 resource from src\test\resources to target\test-classes
2026-07-01 02:08:07,778 [Worker-87: Launching App (1)] INFO  o.a.m.s.f.DefaultMavenResourcesFiltering - Copying 0 resource from src\main\resources to target\classes
2026-07-01 02:08:07,782 [Worker-87: Launching App (1)] INFO  o.a.m.s.f.DefaultMavenResourcesFiltering - Copying 0 resource from src\test\resources to target\test-classes
2026-07-01 02:16:06,429 [Worker-101: Launching App (1)] INFO  o.a.m.s.f.DefaultMavenResourcesFiltering - Copying 0 resource from src\main\resources to target\classes
2026-07-01 02:16:06,433 [Worker-101: Launching App (1)] INFO  o.a.m.s.f.DefaultMavenResourcesFiltering - Copying 0 resource from src\test\resources to target\test-classes
2026-07-01 02:16:54,215 [Worker-106: Launching App (1)] INFO  o.a.m.s.f.DefaultMavenResourcesFiltering - Copying 0 resource from src\main\resources to target\classes
2026-07-01 02:16:54,220 [Worker-106: Launching App (1)] INFO  o.a.m.s.f.DefaultMavenResourcesFiltering - Copying 0 resource from src\test\resources to target\test-classes
2026-07-01 02:21:46,861 [Worker-101: Launching App (1)] INFO  o.a.m.s.f.DefaultMavenResourcesFiltering - Copying 0 resource from src\main\resources to target\classes
2026-07-01 02:21:46,864 [Worker-101: Launching App (1)] INFO  o.a.m.s.f.DefaultMavenResourcesFiltering - Copying 0 resource from src\test\resources to target\test-classes
2026-07-01 02:27:37,781 [Worker-106: Launching App (1)] INFO  o.a.m.s.f.DefaultMavenResourcesFiltering - Copying 0 resource from src\main\resources to target\classes
2026-07-01 02:27:37,785 [Worker-106: Launching App (1)] INFO  o.a.m.s.f.DefaultMavenResourcesFiltering - Copying 0 resource from src\test\resources to target\test-classes
2026-07-01 02:27:56,685 [Worker-105: Launching App (1)] INFO  o.a.m.s.f.DefaultMavenResourcesFiltering - Copying 0 resource from src\main\resources to target\classes
2026-07-01 02:27:56,688 [Worker-105: Launching App (1)] INFO  o.a.m.s.f.DefaultMavenResourcesFiltering - Copying 0 resource from src\test\resources to target\test-classes
2026-07-01 03:22:50,345 [Worker-117: Launching App (1)] INFO  o.a.m.s.f.DefaultMavenResourcesFiltering - Copying 0 resource from src\main\resources to target\classes
2026-07-01 03:22:50,353 [Worker-117: Launching App (1)] INFO  o.a.m.s.f.DefaultMavenResourcesFiltering - Copying 0 resource from src\test\resources to target\test-classes
2026-07-01 03:38:42,368 [Worker-128: Launching App (1)] INFO  o.a.m.s.f.DefaultMavenResourcesFiltering - Copying 0 resource from src\main\resources to target\classes
2026-07-01 03:38:42,373 [Worker-128: Launching App (1)] INFO  o.a.m.s.f.DefaultMavenResourcesFiltering - Copying 0 resource from src\test\resources to target\test-classes
